WARNING: Character 49 is binary but Danielopolina_bahamensis is 4 	*****CHANGING to ? assuming missing data
WARNING: Character 53 is binary but Danielopolina_bahamensis is 2 	*****CHANGING to ? assuming missing data
WARNING: Character 49 is binary but Danielopolina_baltanasi is 4 	*****CHANGING to ? assuming missing data
WARNING: Character 53 is binary but Danielopolina_baltanasi is 2 	*****CHANGING to ? assuming missing data
WARNING: Character 53 is binary but Danielopolina_carolynae is 2 	*****CHANGING to ? assuming missing data
WARNING: Character 49 is binary but Danielopolina_elizabethae is 4 	*****CHANGING to ? assuming missing data
WARNING: Character 53 is binary but Danielopolina_elizabethae is 2 	*****CHANGING to ? assuming missing data
WARNING: Character 49 is binary but Danielopolina_exuma is 4 	*****CHANGING to ? assuming missing data
WARNING: Character 53 is binary but Danielopolina_exuma is 2 	*****CHANGING to ? assuming missing data
WARNING: Character 49 is binary but Danielopolina_kakuki is 5 	*****CHANGING to ? assuming missing data
WARNING: Character 53 is binary but Danielopolina_kakuki is 2 	*****CHANGING to ? assuming missing data
WARNING: Character 53 is binary but Danielopolina_kornickeri is 2 	*****CHANGING to ? assuming missing data
WARNING: Character 49 is binary but Danielopolina_mexicana is 2 	*****CHANGING to ? assuming missing data
WARNING: Character 53 is binary but Danielopolina_mexicana is 2 	*****CHANGING to ? assuming missing data
WARNING: Character 49 is binary but Danielopolina_orghidani is 4 	*****CHANGING to ? assuming missing data
WARNING: Character 53 is binary but Danielopolina_orghidani is 2 	*****CHANGING to ? assuming missing data
WARNING: Character 49 is binary but Danielopolina_palmeri is 4 	*****CHANGING to ? assuming missing data
WARNING: Character 53 is binary but Danielopolina_palmeri is 2 	*****CHANGING to ? assuming missing data
WARNING: Character 49 is binary but Danielopolina_phalanx is 3 	*****CHANGING to ? assuming missing data
WARNING: Character 53 is binary but Danielopolina_phalanx is 2 	*****CHANGING to ? assuming missing data
WARNING: Character 53 is binary but Danielopolina_wilkensi is 2 	*****CHANGING to ? assuming missing data
WARNING: Character 49 is binary but Deeveya_styrax is 2 	*****CHANGING to ? assuming missing data
WARNING: Character 53 is binary but Thaumatocypris_echinata is 2 	*****CHANGING to ? assuming missing data
WARNING: Character 20 is binary but Thaumatocypris_rudjakovi is 2 	*****CHANGING to ? assuming missing data
WARNING: Character 53 is binary but Thaumatocypris_rudjakovi is 2 	*****CHANGING to ? assuming missing data
