WARNING: Character 7 is binary but Candonopsis_(Abcandonopsis)_aula is - 	*****CHANGING to ? assuming missing data
WARNING: Character 23 is binary but Candonopsis_(Abcandonopsis)_aula is - 	*****CHANGING to ? assuming missing data
WARNING: Character 3 is binary but Candonopsis_(Abcandonopsis)_indoles is - 	*****CHANGING to ? assuming missing data
WARNING: Character 5 is binary but Candonopsis_(Abcandonopsis)_indoles is - 	*****CHANGING to ? assuming missing data
WARNING: Character 7 is binary but Candonopsis_(Abcandonopsis)_indoles is - 	*****CHANGING to ? assuming missing data
WARNING: Character 23 is binary but Candonopsis_(Abcandonopsis)_indoles is - 	*****CHANGING to ? assuming missing data
WARNING: Character 26 is binary but Candonopsis_(Abcandonopsis)_indoles is - 	*****CHANGING to ? assuming missing data
WARNING: Character 3 is binary but Candonopsis_(Candonopsis)_africana is - 	*****CHANGING to ? assuming missing data
WARNING: Character 11 is binary but Candonopsis_(Candonopsis)_africana is - 	*****CHANGING to ? assuming missing data
WARNING: Character 14 is binary but Candonopsis_(Candonopsis)_africana is - 	*****CHANGING to ? assuming missing data
WARNING: Character 15 is binary but Candonopsis_(Candonopsis)_africana is - 	*****CHANGING to ? assuming missing data
WARNING: Character 16 is binary but Candonopsis_(Candonopsis)_africana is - 	*****CHANGING to ? assuming missing data
WARNING: Character 21 is binary but Candonopsis_(Candonopsis)_africana is - 	*****CHANGING to ? assuming missing data
WARNING: Character 22 is binary but Candonopsis_(Candonopsis)_africana is - 	*****CHANGING to ? assuming missing data
WARNING: Character 21 is binary but Candonopsis_(Candonopsis)_boui is - 	*****CHANGING to ? assuming missing data
WARNING: Character 11 is binary but Candonopsis_(Candonopsis)_bujukuensis is - 	*****CHANGING to ? assuming missing data
WARNING: Character 14 is binary but Candonopsis_(Candonopsis)_bujukuensis is - 	*****CHANGING to ? assuming missing data
WARNING: Character 16 is binary but Candonopsis_(Candonopsis)_bujukuensis is - 	*****CHANGING to ? assuming missing data
WARNING: Character 21 is binary but Candonopsis_(Candonopsis)_bujukuensis is - 	*****CHANGING to ? assuming missing data
WARNING: Character 3 is binary but Candonopsis_(Candonopsis)_hummelincki is - 	*****CHANGING to ? assuming missing data
WARNING: Character 5 is binary but Candonopsis_(Candonopsis)_hummelincki is - 	*****CHANGING to ? assuming missing data
WARNING: Character 7 is binary but Candonopsis_(Candonopsis)_hummelincki is - 	*****CHANGING to ? assuming missing data
WARNING: Character 23 is binary but Candonopsis_(Candonopsis)_hummelincki is - 	*****CHANGING to ? assuming missing data
WARNING: Character 24 is binary but Candonopsis_(Candonopsis)_hummelincki is - 	*****CHANGING to ? assuming missing data
WARNING: Character 26 is binary but Candonopsis_(Candonopsis)_hummelincki is - 	*****CHANGING to ? assuming missing data
WARNING: Character 14 is binary but Candonopsis_(Candonopsis)_nama is - 	*****CHANGING to ? assuming missing data
WARNING: Character 21 is binary but Candonopsis_(Candonopsis)_nama is - 	*****CHANGING to ? assuming missing data
WARNING: Character 3 is binary but Candonopsis_(Candonopsis)_navicula is - 	*****CHANGING to ? assuming missing data
WARNING: Character 5 is binary but Candonopsis_(Candonopsis)_navicula is - 	*****CHANGING to ? assuming missing data
WARNING: Character 7 is binary but Candonopsis_(Candonopsis)_navicula is - 	*****CHANGING to ? assuming missing data
WARNING: Character 23 is binary but Candonopsis_(Candonopsis)_navicula is - 	*****CHANGING to ? assuming missing data
WARNING: Character 24 is binary but Candonopsis_(Candonopsis)_navicula is - 	*****CHANGING to ? assuming missing data
WARNING: Character 26 is binary but Candonopsis_(Candonopsis)_navicula is - 	*****CHANGING to ? assuming missing data
WARNING: Character 3 is binary but Candonopsis_(Candonopsis)_putealis is - 	*****CHANGING to ? assuming missing data
WARNING: Character 11 is binary but Candonopsis_(Candonopsis)_putealis is - 	*****CHANGING to ? assuming missing data
WARNING: Character 14 is binary but Candonopsis_(Candonopsis)_putealis is - 	*****CHANGING to ? assuming missing data
WARNING: Character 16 is binary but Candonopsis_(Candonopsis)_putealis is - 	*****CHANGING to ? assuming missing data
WARNING: Character 21 is binary but Candonopsis_(Candonopsis)_putealis is - 	*****CHANGING to ? assuming missing data
WARNING: Character 3 is binary but Candonopsis_(Candonopsis)_solitaria is - 	*****CHANGING to ? assuming missing data
WARNING: Character 11 is binary but Candonopsis_(Candonopsis)_solitaria is - 	*****CHANGING to ? assuming missing data
WARNING: Character 14 is binary but Candonopsis_(Candonopsis)_solitaria is - 	*****CHANGING to ? assuming missing data
WARNING: Character 15 is binary but Candonopsis_(Candonopsis)_solitaria is - 	*****CHANGING to ? assuming missing data
WARNING: Character 16 is binary but Candonopsis_(Candonopsis)_solitaria is - 	*****CHANGING to ? assuming missing data
WARNING: Character 21 is binary but Candonopsis_(Candonopsis)_solitaria is - 	*****CHANGING to ? assuming missing data
WARNING: Character 22 is binary but Candonopsis_(Candonopsis)_solitaria is - 	*****CHANGING to ? assuming missing data
WARNING: Character 3 is binary but Candonopsis_(Candonopsis)_sumatrana is - 	*****CHANGING to ? assuming missing data
WARNING: Character 14 is binary but Candonopsis_(Candonopsis)_thienemanni is - 	*****CHANGING to ? assuming missing data
WARNING: Character 16 is binary but Candonopsis_(Candonopsis)_thienemanni is - 	*****CHANGING to ? assuming missing data
WARNING: Character 21 is binary but Candonopsis_(Candonopsis)_thienemanni is - 	*****CHANGING to ? assuming missing data
WARNING: Character 22 is binary but Candonopsis_(Candonopsis)_thienemanni is - 	*****CHANGING to ? assuming missing data
WARNING: Character 3 is binary but Candonopsis_(Candonopsis)_trichota is - 	*****CHANGING to ? assuming missing data
WARNING: Character 5 is binary but Candonopsis_(Candonopsis)_trichota is - 	*****CHANGING to ? assuming missing data
WARNING: Character 7 is binary but Candonopsis_(Candonopsis)_trichota is - 	*****CHANGING to ? assuming missing data
WARNING: Character 14 is binary but Candonopsis_(Candonopsis)_trichota is - 	*****CHANGING to ? assuming missing data
WARNING: Character 16 is binary but Candonopsis_(Candonopsis)_trichota is - 	*****CHANGING to ? assuming missing data
WARNING: Character 21 is binary but Candonopsis_(Candonopsis)_trichota is - 	*****CHANGING to ? assuming missing data
WARNING: Character 22 is binary but Candonopsis_(Candonopsis)_trichota is - 	*****CHANGING to ? assuming missing data
WARNING: Character 23 is binary but Candonopsis_(Candonopsis)_trichota is - 	*****CHANGING to ? assuming missing data
WARNING: Character 24 is binary but Candonopsis_(Candonopsis)_trichota is - 	*****CHANGING to ? assuming missing data
WARNING: Character 26 is binary but Candonopsis_(Candonopsis)_trichota is - 	*****CHANGING to ? assuming missing data
WARNING: Character 21 is binary but Candonopsis_(Candonopsis)_urmilae is - 	*****CHANGING to ? assuming missing data
WARNING: Character 3 is binary but Cubacandona_anisitsi is - 	*****CHANGING to ? assuming missing data
WARNING: Character 11 is binary but Cubacandona_anisitsi is - 	*****CHANGING to ? assuming missing data
WARNING: Character 14 is binary but Cubacandona_anisitsi is - 	*****CHANGING to ? assuming missing data
WARNING: Character 15 is binary but Cubacandona_anisitsi is - 	*****CHANGING to ? assuming missing data
WARNING: Character 16 is binary but Cubacandona_anisitsi is - 	*****CHANGING to ? assuming missing data
WARNING: Character 18 is binary but Cubacandona_anisitsi is - 	*****CHANGING to ? assuming missing data
WARNING: Character 21 is binary but Cubacandona_anisitsi is - 	*****CHANGING to ? assuming missing data
WARNING: Character 22 is binary but Cubacandona_anisitsi is - 	*****CHANGING to ? assuming missing data
WARNING: Character 26 is binary but Cubacandona_anisitsi is - 	*****CHANGING to ? assuming missing data
WARNING: Character 14 is binary but Cubacandona_columbiensis is - 	*****CHANGING to ? assuming missing data
WARNING: Character 16 is binary but Cubacandona_columbiensis is - 	*****CHANGING to ? assuming missing data
WARNING: Character 19 is binary but Cubacandona_columbiensis is - 	*****CHANGING to ? assuming missing data
WARNING: Character 21 is binary but Cubacandona_columbiensis is - 	*****CHANGING to ? assuming missing data
WARNING: Character 29 is binary but Cubacandona_columbiensis is  	*****CHANGING to ? assuming missing data
WARNING: Character 15 is binary but Cubacandona_cubensis is - 	*****CHANGING to ? assuming missing data
WARNING: Character 21 is binary but Cubacandona_cubensis is - 	*****CHANGING to ? assuming missing data
WARNING: Character 3 is binary but Cubacandona_falclandica is - 	*****CHANGING to ? assuming missing data
WARNING: Character 11 is binary but Cubacandona_falclandica is - 	*****CHANGING to ? assuming missing data
WARNING: Character 14 is binary but Cubacandona_falclandica is - 	*****CHANGING to ? assuming missing data
WARNING: Character 16 is binary but Cubacandona_falclandica is - 	*****CHANGING to ? assuming missing data
WARNING: Character 18 is binary but Cubacandona_falclandica is - 	*****CHANGING to ? assuming missing data
WARNING: Character 21 is binary but Cubacandona_falclandica is - 	*****CHANGING to ? assuming missing data
WARNING: Character 22 is binary but Cubacandona_falclandica is - 	*****CHANGING to ? assuming missing data
