WARNING: Character 12 is binary but Candonopsis_(Abcandonopsis)_aula is - 	*****CHANGING to ? assuming missing data
WARNING: Character 13 is binary but Candonopsis_(Abcandonopsis)_aula is - 	*****CHANGING to ? assuming missing data
WARNING: Character 23 is binary but Candonopsis_(Abcandonopsis)_aula is - 	*****CHANGING to ? assuming missing data
WARNING: Character 24 is binary but Candonopsis_(Abcandonopsis)_aula is - 	*****CHANGING to ? assuming missing data
WARNING: Character 5 is binary but Candonopsis_(Abcandonopsis)_indoles is - 	*****CHANGING to ? assuming missing data
WARNING: Character 6 is binary but Candonopsis_(Abcandonopsis)_indoles is - 	*****CHANGING to ? assuming missing data
WARNING: Character 12 is binary but Candonopsis_(Abcandonopsis)_indoles is - 	*****CHANGING to ? assuming missing data
WARNING: Character 13 is binary but Candonopsis_(Abcandonopsis)_indoles is - 	*****CHANGING to ? assuming missing data
WARNING: Character 5 is binary but Candonopsis_(Candonopsis)_hummelincki is - 	*****CHANGING to ? assuming missing data
WARNING: Character 6 is binary but Candonopsis_(Candonopsis)_hummelincki is - 	*****CHANGING to ? assuming missing data
WARNING: Character 12 is binary but Candonopsis_(Candonopsis)_hummelincki is - 	*****CHANGING to ? assuming missing data
WARNING: Character 13 is binary but Candonopsis_(Candonopsis)_hummelincki is - 	*****CHANGING to ? assuming missing data
WARNING: Character 23 is binary but Candonopsis_(Candonopsis)_hummelincki is - 	*****CHANGING to ? assuming missing data
WARNING: Character 24 is binary but Candonopsis_(Candonopsis)_hummelincki is - 	*****CHANGING to ? assuming missing data
WARNING: Character 5 is binary but Candonopsis_(Candonopsis)_navicula is - 	*****CHANGING to ? assuming missing data
WARNING: Character 6 is binary but Candonopsis_(Candonopsis)_navicula is - 	*****CHANGING to ? assuming missing data
WARNING: Character 12 is binary but Candonopsis_(Candonopsis)_navicula is - 	*****CHANGING to ? assuming missing data
WARNING: Character 13 is binary but Candonopsis_(Candonopsis)_navicula is - 	*****CHANGING to ? assuming missing data
WARNING: Character 23 is binary but Candonopsis_(Candonopsis)_navicula is - 	*****CHANGING to ? assuming missing data
WARNING: Character 24 is binary but Candonopsis_(Candonopsis)_navicula is - 	*****CHANGING to ? assuming missing data
WARNING: Character 5 is binary but Candonopsis_(Candonopsis)_trichota is - 	*****CHANGING to ? assuming missing data
WARNING: Character 6 is binary but Candonopsis_(Candonopsis)_trichota is - 	*****CHANGING to ? assuming missing data
WARNING: Character 12 is binary but Candonopsis_(Candonopsis)_trichota is - 	*****CHANGING to ? assuming missing data
WARNING: Character 13 is binary but Candonopsis_(Candonopsis)_trichota is - 	*****CHANGING to ? assuming missing data
WARNING: Character 23 is binary but Candonopsis_(Candonopsis)_trichota is - 	*****CHANGING to ? assuming missing data
WARNING: Character 24 is binary but Candonopsis_(Candonopsis)_trichota is - 	*****CHANGING to ? assuming missing data
WARNING: Character 7 is binary but Cubacandona_cubensis is - 	*****CHANGING to ? assuming missing data
