WARNING: Character 2 is binary but Alicenula_furcabdominis is 2 	*****CHANGING to ? assuming missing data
WARNING: Character 21 is binary but Alicenula_furcabdominis is 2 	*****CHANGING to ? assuming missing data
WARNING: Character 23 is binary but Alicenula_furcabdominis is 2 	*****CHANGING to ? assuming missing data
WARNING: Character 2 is binary but Alicenula_inversa is 2 	*****CHANGING to ? assuming missing data
WARNING: Character 21 is binary but Alicenula_inversa is 2 	*****CHANGING to ? assuming missing data
WARNING: Character 23 is binary but Alicenula_inversa is 3 	*****CHANGING to ? assuming missing data
WARNING: Character 2 is binary but Alicenula_serricaudata is 2 	*****CHANGING to ? assuming missing data
WARNING: Character 11 is binary but Alicenula_serricaudata is (01) 	*****CHANGING to ? assuming missing data
WARNING: Character 21 is binary but Alicenula_serricaudata is 2 	*****CHANGING to ? assuming missing data
WARNING: Character 23 is binary but Alicenula_serricaudata is 3 	*****CHANGING to ? assuming missing data
WARNING: Character 2 is binary but Darwinula_stevensoni is 2 	*****CHANGING to ? assuming missing data
WARNING: Character 23 is binary but Darwinula_stevensoni is 2 	*****CHANGING to ? assuming missing data
WARNING: Character 28 is binary but Darwinula_stevensoni is 2 	*****CHANGING to ? assuming missing data
WARNING: Character 2 is binary but Microdarwinula_zimmeri is 2 	*****CHANGING to ? assuming missing data
WARNING: Character 8 is binary but Microdarwinula_zimmeri is 2 	*****CHANGING to ? assuming missing data
WARNING: Character 28 is binary but Microdarwinula_zimmeri is 3 	*****CHANGING to ? assuming missing data
WARNING: Character 28 is binary but Penthesilenula_africana is 3 	*****CHANGING to ? assuming missing data
WARNING: Character 2 is binary but Penthesilenula_aotearoa is 2 	*****CHANGING to ? assuming missing data
WARNING: Character 28 is binary but Penthesilenula_aotearoa is 3 	*****CHANGING to ? assuming missing data
WARNING: Character 28 is binary but Penthesilenula_araucana is 3 	*****CHANGING to ? assuming missing data
WARNING: Character 2 is binary but Penthesilenula_brasiliensis is 2 	*****CHANGING to ? assuming missing data
WARNING: Character 28 is binary but Penthesilenula_brasiliensis is 3 	*****CHANGING to ? assuming missing data
WARNING: Character 2 is binary but Penthesilenula_incae is 2 	*****CHANGING to ? assuming missing data
WARNING: Character 28 is binary but Penthesilenula_incae is 3 	*****CHANGING to ? assuming missing data
WARNING: Character 2 is binary but Penthesilenula_kohanga is 2 	*****CHANGING to ? assuming missing data
WARNING: Character 28 is binary but Penthesilenula_kohanga is 2 	*****CHANGING to ? assuming missing data
WARNING: Character 28 is binary but Penthesilenula_malayica is 2 	*****CHANGING to ? assuming missing data
WARNING: Character 28 is binary but Penthesilenula_sphagna is 3 	*****CHANGING to ? assuming missing data
WARNING: Character 28 is binary but Vestalenula_boteai is 2 	*****CHANGING to ? assuming missing data
WARNING: Character 28 is binary but Vestalenula_cuneata is 3 	*****CHANGING to ? assuming missing data
WARNING: Character 28 is binary but Vestalenula_daps is 3 	*****CHANGING to ? assuming missing data
WARNING: Character 11 is binary but Vestalenula_flexuosa is (01) 	*****CHANGING to ? assuming missing data
WARNING: Character 28 is binary but Vestalenula_inconspicua is 3 	*****CHANGING to ? assuming missing data
WARNING: Character 28 is binary but Vestalenula_lundi is 2 	*****CHANGING to ? assuming missing data
WARNING: Character 28 is binary but Vestalenula_marlieri is 2 	*****CHANGING to ? assuming missing data
WARNING: Character 28 is binary but Vestalenula_marmonieri is 2 	*****CHANGING to ? assuming missing data
WARNING: Character 28 is binary but Vestalenula_molopoensis is 2 	*****CHANGING to ? assuming missing data
WARNING: Character 28 is binary but Vestalenula_pagliolii is 2 	*****CHANGING to ? assuming missing data
WARNING: Character 29 is Multi-state [0-9] but Alicenula_furcabdominis is  	*****CHANGING to ? assuming missing data
WARNING: Character 29 is Multi-state [0-9] but Alicenula_inversa is  	*****CHANGING to ? assuming missing data
WARNING: Character 29 is Multi-state [0-9] but Alicenula_serricaudata is  	*****CHANGING to ? assuming missing data
WARNING: Character 29 is Multi-state [0-9] but Darwinula_stevensoni is  	*****CHANGING to ? assuming missing data
WARNING: Character 29 is Multi-state [0-9] but Microdarwinula_zimmeri is  	*****CHANGING to ? assuming missing data
WARNING: Character 29 is Multi-state [0-9] but Penthesilenula_africana is  	*****CHANGING to ? assuming missing data
WARNING: Character 29 is Multi-state [0-9] but Penthesilenula_aotearoa is  	*****CHANGING to ? assuming missing data
WARNING: Character 29 is Multi-state [0-9] but Penthesilenula_araucana is  	*****CHANGING to ? assuming missing data
WARNING: Character 29 is Multi-state [0-9] but Penthesilenula_brasiliensis is  	*****CHANGING to ? assuming missing data
WARNING: Character 29 is Multi-state [0-9] but Penthesilenula_incae is  	*****CHANGING to ? assuming missing data
WARNING: Character 29 is Multi-state [0-9] but Penthesilenula_kohanga is  	*****CHANGING to ? assuming missing data
WARNING: Character 29 is Multi-state [0-9] but Penthesilenula_malayica is  	*****CHANGING to ? assuming missing data
WARNING: Character 29 is Multi-state [0-9] but Penthesilenula_sphagna is  	*****CHANGING to ? assuming missing data
WARNING: Character 29 is Multi-state [0-9] but Vestalenula_boteai is  	*****CHANGING to ? assuming missing data
WARNING: Character 29 is Multi-state [0-9] but Vestalenula_cuneata is  	*****CHANGING to ? assuming missing data
WARNING: Character 29 is Multi-state [0-9] but Vestalenula_danielopoli is  	*****CHANGING to ? assuming missing data
WARNING: Character 29 is Multi-state [0-9] but Vestalenula_daps is  	*****CHANGING to ? assuming missing data
WARNING: Character 29 is Multi-state [0-9] but Vestalenula_flexuosa is  	*****CHANGING to ? assuming missing data
WARNING: Character 29 is Multi-state [0-9] but Vestalenula_inconspicua is  	*****CHANGING to ? assuming missing data
WARNING: Character 29 is Multi-state [0-9] but Vestalenula_lundi is  	*****CHANGING to ? assuming missing data
WARNING: Character 29 is Multi-state [0-9] but Vestalenula_marlieri is  	*****CHANGING to ? assuming missing data
WARNING: Character 29 is Multi-state [0-9] but Vestalenula_marmonieri is  	*****CHANGING to ? assuming missing data
WARNING: Character 29 is Multi-state [0-9] but Vestalenula_mathilda is  	*****CHANGING to ? assuming missing data
WARNING: Character 29 is Multi-state [0-9] but Vestalenula_molopoensis is  	*****CHANGING to ? assuming missing data
WARNING: Character 29 is Multi-state [0-9] but Vestalenula_pagliolii is  	*****CHANGING to ? assuming missing data
