WARNING: Character 31 is binary but Cytheridella__chariessa is 2 	*****CHANGING to ? assuming missing data
WARNING: Character 5 is binary but Gomphocythere_alata is 2 	*****CHANGING to ? assuming missing data
WARNING: Character 39 is binary but Gomphocythere_alata is 2 	*****CHANGING to ? assuming missing data
WARNING: Character 43 is binary but Gomphocythere_alata is 2 	*****CHANGING to ? assuming missing data
WARNING: Character 5 is binary but Gomphocythere_angusta is 2 	*****CHANGING to ? assuming missing data
WARNING: Character 31 is binary but Gomphocythere_capensis is 2 	*****CHANGING to ? assuming missing data
WARNING: Character 5 is binary but Gomphocythere_coheni is 2 	*****CHANGING to ? assuming missing data
WARNING: Character 39 is binary but Gomphocythere_coheni is 2 	*****CHANGING to ? assuming missing data
WARNING: Character 5 is binary but Gomphocythere_cristata is 2 	*****CHANGING to ? assuming missing data
WARNING: Character 31 is binary but Gomphocythere_cristata is 2 	*****CHANGING to ? assuming missing data
WARNING: Character 43 is binary but Gomphocythere_cristata is 2 	*****CHANGING to ? assuming missing data
WARNING: Character 43 is binary but Gomphocythere_curta is 2 	*****CHANGING to ? assuming missing data
WARNING: Character 31 is binary but Gomphocythere_downingi is 2 	*****CHANGING to ? assuming missing data
WARNING: Character 31 is binary but Gomphocythere_lenis is 2 	*****CHANGING to ? assuming missing data
WARNING: Character 43 is binary but Gomphocythere_lenis is 2 	*****CHANGING to ? assuming missing data
WARNING: Character 29 is binary but Gomphocythere_obtusata is 2 	*****CHANGING to ? assuming missing data
WARNING: Character 31 is binary but Gomphocythere_obtusata is 2 	*****CHANGING to ? assuming missing data
WARNING: Character 31 is binary but Gomphocythere_ortali is 2 	*****CHANGING to ? assuming missing data
WARNING: Character 31 is binary but Gomphocythere_parcedilatata is 2 	*****CHANGING to ? assuming missing data
WARNING: Character 43 is binary but Gomphocythere_simplex is 2 	*****CHANGING to ? assuming missing data
WARNING: Character 31 is binary but Gomphocythere_wilsoni is 2 	*****CHANGING to ? assuming missing data
WARNING: Character 5 is binary but Gomphocythere_woutersi is 2 	*****CHANGING to ? assuming missing data
WARNING: Character 39 is binary but Gomphocythere_woutersi is 2 	*****CHANGING to ? assuming missing data
WARNING: Character 20 is binary but Leucocythere is 2 	*****CHANGING to ? assuming missing data
WARNING: Character 31 is binary but Leucocythere is 2 	*****CHANGING to ? assuming missing data
