WARNING: Character 9 is binary but Afrocythere_rostrata is 2 	*****CHANGING to ? assuming missing data
WARNING: Character 9 is binary but Cytheridella_ilosvayi is 2 	*****CHANGING to ? assuming missing data
WARNING: Character 9 is binary but Cytheridella_tepida is 2 	*****CHANGING to ? assuming missing data
WARNING: Character 9 is binary but Elpidium_bromeliarum is 2 	*****CHANGING to ? assuming missing data
WARNING: Character 9 is binary but Elpidium_inaequivalvis is 2 	*****CHANGING to ? assuming missing data
WARNING: Character 3 is binary but Gomphocythere_irvinei is 2 	*****CHANGING to ? assuming missing data
WARNING: Character 24 is binary but Gomphocythere_irvinei is 2 	*****CHANGING to ? assuming missing data
WARNING: Character 3 is binary but Gomphocythere_ortali is 2 	*****CHANGING to ? assuming missing data
WARNING: Character 9 is binary but Gomphocythere_ortali is 2 	*****CHANGING to ? assuming missing data
WARNING: Character 24 is binary but Gomphocythere_ortali is 2 	*****CHANGING to ? assuming missing data
WARNING: Character 3 is binary but Kovalevskiella_cvetkovi is 2 	*****CHANGING to ? assuming missing data
WARNING: Character 3 is binary but Kovalevskiella_phreaticola is 2 	*****CHANGING to ? assuming missing data
WARNING: Character 9 is binary but Leucocythere_mirabilis is 2 	*****CHANGING to ? assuming missing data
WARNING: Character 9 is binary but Limnocythere_inopinata is 2 	*****CHANGING to ? assuming missing data
WARNING: Character 27 is Multi-state [0-9] but Afrocythere_rostrata is  	*****CHANGING to ? assuming missing data
WARNING: Character 27 is Multi-state [0-9] but Cytheridella_ilosvayi is  	*****CHANGING to ? assuming missing data
WARNING: Character 27 is Multi-state [0-9] but Cytheridella_tepida is  	*****CHANGING to ? assuming missing data
WARNING: Character 27 is Multi-state [0-9] but Elpidium_bromeliarum is  	*****CHANGING to ? assuming missing data
WARNING: Character 27 is Multi-state [0-9] but Elpidium_inaequivalvis is  	*****CHANGING to ? assuming missing data
WARNING: Character 27 is Multi-state [0-9] but Gomphocythere_irvinei is  	*****CHANGING to ? assuming missing data
WARNING: Character 27 is Multi-state [0-9] but Gomphocythere_ortali is  	*****CHANGING to ? assuming missing data
WARNING: Character 27 is Multi-state [0-9] but Gomphodella_maia is  	*****CHANGING to ? assuming missing data
WARNING: Character 27 is Multi-state [0-9] but Kovalevskiella_cvetkovi is  	*****CHANGING to ? assuming missing data
WARNING: Character 27 is Multi-state [0-9] but Kovalevskiella_phreaticola is  	*****CHANGING to ? assuming missing data
WARNING: Character 27 is Multi-state [0-9] but Leucocythere_mirabilis is  	*****CHANGING to ? assuming missing data
WARNING: Character 27 is Multi-state [0-9] but Limnocythere_inopinata is  	*****CHANGING to ? assuming missing data
WARNING: Character 27 is Multi-state [0-9] but Metacypris_cordata is  	*****CHANGING to ? assuming missing data
WARNING: Character 27 is Multi-state [0-9] but Metacypris_digitiformis is  	*****CHANGING to ? assuming missing data
WARNING: Character 27 is Multi-state [0-9] but Thaicythere_srisumonae is  	*****CHANGING to ? assuming missing data
