IQ-TREE multicore version 1.6.12 for Linux 64-bit built Aug 15 2019
Developed by Bui Quang Minh, Nguyen Lam Tung, Olga Chernomor,
Heiko Schmidt, Dominik Schrempf, Michael Woodhams.

Host:    node2.podcluster (AVX512, FMA3, 187 GB RAM)
Command: iqtree -s analyses/genbank_muscle.phylip -m GTR -pre phylogenies/genbank_12_07_2019 -redo -nt 20
Seed:    168779 (Using SPRNG - Scalable Parallel Random Number Generator)
Time:    Sat Dec  7 16:16:55 2019
Kernel:  AVX+FMA - 20 threads (40 CPU cores detected)

Reading alignment file analyses/genbank_muscle.phylip ... Phylip format detected
Alignment most likely contains DNA/RNA sequences
WARNING: 177 sites contain only gaps or ambiguous characters.
Alignment has 482 sequences with 52431 columns, 15422 distinct patterns
10842 parsimony-informative, 8582 singleton sites, 33007 constant sites
                                                   Gap/Ambiguity  Composition  p-value
   1  Acanthocyclops_vernalis                             96.62%    passed      9.42%
   2  Actinocythereis_costata                             96.54%    failed      3.94%
   3  Actinoseta_jonesi                                   91.72%    failed      0.00%
   4  Acyrthosiphon_pisum                                 95.34%    failed      0.00%
   5  Alacia_alata                                        98.97%    failed      0.00%
   6  Alacia_belgicae                                     98.86%    failed      0.00%
   7  Alacia_hettacra                                     98.86%    failed      0.00%
   8  Alacia_valdiviae                                    98.86%    failed      0.00%
   9  Albileberis_sheyangensis                            96.72%    passed     18.13%
  10  Alicenula_inversa                                   98.44%    failed      0.03%
  11  Apis_mellifera                                      96.46%    passed     36.53%
  12  Archaeocyprideis_tuberculata                        99.16%    passed     32.48%
  13  Archasterope_bulla                                  95.32%    failed      0.00%
  14  Archasterope_efficax                                94.77%    failed      0.13%
  15  Archasterope_sp.                                    96.62%    failed      0.14%
  16  Archiconchoecemma_simula                            98.86%    failed      0.00%
  17  Archiconchoecetta_bimucronata                       98.89%    failed      0.00%
  18  Archiconchoecetta_bispicula                         98.87%    failed      0.00%
  19  Archiconchoecia_striata                             98.86%    failed      0.00%
  20  Archiconchoecia_versicula                           98.86%    failed      0.00%
  21  Archiconchoecissa_pljusnini                         98.86%    failed      0.00%
  22  Argulus_sp                                          93.17%    failed      0.01%
  23  Armadillidium_vulgare                               91.58%    failed      0.00%
  24  Armillifer_armillatus                               96.57%    passed     12.26%
  25  Artemia_franciscana                                 96.63%    passed     21.26%
  26  Artemia_salina                                      92.74%    failed      0.00%
  27  Asteropella_monambon                                97.45%    failed      0.00%
  28  Asteropella_slatteryi                               96.75%    failed      0.01%
  29  Asteropella_sp.                                     93.90%    failed      0.01%
  30  Asteropterygion_magnum                              93.98%    failed      0.00%
  31  Aurila_disparata                                    96.54%    passed      7.10%
  32  Austrinoecia_isocheira                              98.86%    failed      0.00%
  33  Azygocypridina_lowryi                               94.73%    failed      0.08%
  34  Baicalocandona_navitarum                            93.26%    failed      0.00%
  35  Bairdia_sp.                                         96.56%    passed     42.69%
  36  Bairdiidae_sp.                                      97.90%    failed      2.20%
  37  Bairdiocopina_sp.                                   94.92%    failed      0.00%
  38  Bathyleberis_oculata                                94.43%    failed      0.22%
  39  Bennelongia_coondinerensis                          98.99%    failed      0.00%
  40  Bennelongia_cuensis                                 98.99%    failed      0.00%
  41  Bennelongia_cuensis_sensu_lato_RS150                98.99%    failed      0.00%
  42  Bennelongia_dedeckkeri                              98.99%    failed      0.00%
  43  Bennelongia_gwelupensis                             98.99%    failed      0.00%
  44  Bennelongia_harpago                                 98.99%    failed      0.00%
  45  Bennelongia_ivanae                                  98.70%    failed      0.00%
  46  Bennelongia_kimberleyensis                          98.99%    failed      0.00%
  47  Bennelongia_koendersae                              98.99%    failed      0.00%
  48  Bennelongia_lata                                    98.99%    failed      0.00%
  49  Bennelongia_mckenziei                               98.99%    failed      0.00%
  50  Bennelongia_nimala                                  98.99%    failed      0.00%
  51  Bennelongia_pinderi                                 98.99%    failed      0.00%
  52  Bennelongia_pinpi                                   98.99%    failed      0.00%
  53  Bennelongia_regina                                  98.99%    failed      0.00%
  54  Bennelongia_scanloni                                98.70%    failed      0.00%
  55  Bennelongia_sp.                                     98.99%    failed      0.00%
  56  Bennelongia_strellyensis                            98.99%    failed      0.00%
  57  Bennelongia_timmsi                                  98.99%    failed      0.00%
  58  Bennelongia_tirigie                                 98.99%    failed      0.00%
  59  Bennelongia_triangulata                             98.99%    failed      0.00%
  60  Bicornucythere_bisanensis                           96.53%    passed      6.42%
  61  Boroecia_antipoda                                   98.86%    failed      0.00%
  62  Boroecia_borealis                                   98.95%    failed      0.00%
  63  Boroecia_maxima                                     99.00%    failed      0.00%
  64  Bradleya_nuda                                       96.54%    passed     11.33%
  65  Bradleycypris_vittata                               92.99%    failed      0.00%
  66  Bythoceratina_hanejiensis                           96.55%    passed     62.30%
  67  Calanus_finmarchicus                                96.67%    passed     12.00%
  68  Caligus_rogercresseyi                               98.54%    failed      0.06%
  69  Candona_bimucronata                                 92.73%    failed      0.00%
  70  Candona_candida                                     66.81%    failed      0.00%
  71  Candona_directa                                     93.36%    failed      0.00%
  72  Candona_godlewski                                   92.02%    failed      0.00%
  73  Candona_holzkampfi                                  89.92%    failed      0.00%
  74  Candona_neglecta                                    91.08%    failed      0.00%
  75  Candona_orbiculata                                  91.63%    failed      0.00%
  76  Candona_quasiakaina                                 94.11%    failed      0.12%
  77  Candona_rupestris                                   92.52%    failed      0.01%
  78  Candona_spicata                                     90.45%    failed      0.00%
  79  Candona_weltneri                                    99.02%    failed      0.00%
  80  Candoninae_sp.                                      92.38%    failed      0.00%
  81  Candonopsis_kingsleii                               99.02%    failed      0.00%
  82  Candonopsis_transgrediens                           98.14%    failed      3.67%
  83  Caudites_asiaticus                                  96.54%    failed      4.97%
  84  Chavturia_abyssopelagica                            98.86%    failed      0.00%
  85  Chrissia_dongqianhuensis                            92.82%    failed      0.00%
  86  Chthamalus_fragilis                                 96.85%    failed      3.10%
  87  Clausoecia_pusilla                                  98.86%    failed      0.00%
  88  Cobanocythere_japonica                              96.54%    passed     19.24%
  89  Conchoecetta_acuminata                              98.69%    failed      0.00%
  90  Conchoecetta_giesbrechti                            98.69%    failed      0.00%
  91  Conchoecia_hyalophyllum                             98.69%    failed      0.00%
  92  Conchoecia_macrocheira                              98.87%    failed      0.00%
  93  Conchoecia_magna                                    98.69%    failed      0.00%
  94  Conchoecia_sp                                       93.41%    failed      0.00%
  95  Conchoecia_sp.                                      93.52%    failed      0.00%
  96  Conchoecilla_chuni                                  98.86%    failed      0.00%
  97  Conchoecilla_daphnoides                             98.85%    failed      0.00%
  98  Conchoecissa_ametra                                 98.68%    failed      0.00%
  99  Conchoecissa_imbricata                              98.68%    failed      0.00%
 100  Conchoecissa_sp                                     99.07%    failed      0.00%
 101  Conchoecissa_symmetrica                             98.86%    failed      0.00%
 102  Coquimba_ishizakii                                  96.54%    passed      7.41%
 103  Cryptocandona_smithi                                92.62%    failed      0.00%
 104  Cryptocandona_sp.                                   70.28%    failed      0.00%
 105  Cryptocandona_vavrai                                99.02%    failed      0.00%
 106  Cyclocypris_sp.                                     90.35%    failed      0.00%
 107  Cylindroleberididae_sp.                             93.32%    failed      0.01%
 108  Cylindroleberis_marranyin                           94.88%    failed      0.06%
 109  Cylindroleberis_sp.                                 94.72%    failed      0.00%
 110  Cypretta_seurati                                    90.21%    failed      0.00%
 111  Cypretta_turgida                                    97.25%    failed      2.69%
 112  Cypria_crenulata                                    96.66%    passed     10.65%
 113  Cypria_exsculpta                                    70.74%    failed      0.00%
 114  Cypria_ophtalmica                                   96.85%    passed      8.26%
 115  Cypria_sp.                                          98.75%    passed      6.31%
 116  Cyprideis_cf._australiensis_IS-2016                 97.95%    failed      0.00%
 117  Cyprideis_spatula                                   99.16%    passed     42.84%
 118  Cyprideis_torosa                                    97.21%    failed      0.00%
 119  Cyprididae_gen._sp.                                 96.86%    passed     13.53%
 120  Cypridina_dentata                                   98.69%    failed      0.00%
 121  Cypridina_noctiluca                                 98.23%    failed      0.00%
 122  Cypridinodes_sp.                                    98.18%    failed      0.00%
 123  Cypridopsis_adusta                                  96.66%    passed      5.76%
 124  Cypridopsis_japonica                                96.56%    passed      5.54%
 125  Cypridopsis_sp                                      93.49%    failed      0.01%
 126  Cypridopsis_sp.                                     95.45%    failed      0.23%
 127  Cypridopsis_uenoi                                   70.55%    failed      0.00%
 128  Cypridopsis_vidua                                   92.48%    failed      0.00%
 129  Cyprinotus_sp.                                      95.11%    failed      0.00%
 130  Cythere_lutea                                       96.54%    passed     10.74%
 131  Cytherella_leizhouensis                             96.56%    passed     13.42%
 132  Cytherellidae_sp.                                   99.02%    passed     26.68%
 133  Cytherelloidea_californica                          98.47%    passed     56.29%
 134  Cytherelloidea_munechikai                           96.56%    passed     10.31%
 135  Cytherelloidea_sp                                   93.43%    failed      0.00%
 136  Cytherissa_crepera                                  99.14%    failed      1.30%
 137  Cytherissa_cytheriformis                            99.14%    passed     18.81%
 138  Cytherissa_donquixotei                              98.34%    failed      0.36%
 139  Cytherissa_elongata                                 98.34%    failed      1.36%
 140  Cytherissa_excelsiformis                            99.19%    failed      0.00%
 141  Cytherissa_glomerata                                99.19%    failed      0.01%
 142  Cytherissa_golyschkinae                             96.60%    failed      0.00%
 143  Cytherissa_interposita                              98.26%    failed      0.54%
 144  Cytherissa_lacustris                                96.49%    failed      0.00%
 145  Cytherissa_lata                                     96.60%    failed      0.00%
 146  Cytherissa_parallela                                96.60%    failed      0.12%
 147  Cytherissa_parva                                    96.60%    failed      0.02%
 148  Cytherissa_plena                                    99.14%    passed     30.73%
 149  Cytherissa_pterygota                                96.61%    failed      0.11%
 150  Cytherissa_pusilla                                  98.34%    failed      0.86%
 151  Cytherissa_sernovi                                  96.60%    failed      0.00%
 152  Cytherissa_sinistrodentata                          98.33%    failed      0.00%
 153  Cytherissa_sp.                                      96.60%    failed      0.01%
 154  Cytherissa_triangulata                              99.14%    failed      1.39%
 155  Cytherissa_truncata                                 98.34%    passed     12.66%
 156  Cytherissa_tuberculata                              96.60%    failed      0.05%
 157  Cytherissa_verrucosa                                96.61%    failed      0.00%
 158  Cytheroidea_sp.                                     99.02%    passed     44.68%
 159  Cytheromatidae_sp.                                  99.02%    passed     46.23%
 160  Cytheromorpha_acupunctata                           96.56%    passed     16.29%
 161  Cytheropteron_subuchioi                             96.55%    passed      8.48%
 162  Daphnia_pulex                                       95.71%    failed      0.00%
 163  Darwinula_brasiliensis                              99.40%    failed      0.01%
 164  Darwinula_sp                                        93.15%    failed      0.00%
 165  Darwinula_sp.                                       95.51%    failed      0.00%
 166  Darwinula_stevensoni                                94.96%    passed     28.52%
 167  Deeveyoecia_arcuata                                 98.92%    failed      0.00%
 168  Derocheilocaris_typicus                             93.59%    failed      0.00%
 169  Discoconchoecia_aff._elegans_CMARA05309_Os109.1.1   98.86%    failed      0.00%
 170  Discoconchoecia_aff._elegans_CMARA05509_Os109.1.3   98.86%    failed      0.00%
 171  Discoconchoecia_discophora                          98.86%    failed      0.00%
 172  Discoconchoecia_elegans                             98.69%    failed      0.00%
 173  Discoconchoecia_sp.                                 98.69%    failed      0.00%
 174  Dolerocypria_mukaishimensis                         90.15%    failed      0.00%
 175  Dolerocypria_sp.                                    98.78%    passed      5.83%
 176  Dolerocypria_taalensis                              96.73%    failed      4.99%
 177  Dolerocypris_ikeyai                                 70.53%    failed      0.00%
 178  Dolerocypris_sinensis                               95.38%    failed      0.14%
 179  Drosophila_melanogaster                             91.86%    failed      0.00%
 180  Earicandona_mounchyon                               96.81%    passed     15.75%
 181  Euconchoecia_cf._chierchiae_S15-D7                  98.69%    failed      0.00%
 182  Euconchoecia_chierchiae                             98.82%    failed      0.00%
 183  Eucypris_crassa                                     99.09%    failed      0.00%
 184  Eucypris_mareotica                                  82.27%    failed      0.00%
 185  Eucypris_pigra                                      68.67%    failed      0.00%
 186  Eucypris_sp.                                        70.80%    failed      0.00%
 187  Eucypris_virens                                     97.17%    failed      0.00%
 188  Euphilomedes_cacharodonta                           96.91%    passed     17.61%
 189  Euphilomedes_japonica                               98.20%    failed      0.00%
 190  Euphilomedes_morini                                 92.91%    failed      0.00%
 191  Euphilomedes_sordida                                89.10%    failed      0.00%
 192  Euphilomedes_sp.                                    90.59%    failed      0.00%
 193  Eurypylus_koreanus                                  98.74%    failed      0.00%
 194  Eusarsiella_cornuta                                 98.74%    failed      0.00%
 195  Eusarsiella_hanguk                                  98.73%    failed      0.00%
 196  Eusarsiella_sp                                      93.05%    failed      0.00%
 197  Eusarsiella_sp.                                     89.85%    failed      0.12%
 198  Fabaeformiscandona_acuminata                        99.02%    failed      0.00%
 199  Fabaeformiscandona_aemonae                          99.02%    failed      0.00%
 200  Fabaeformiscandona_brevicornis                      99.02%    failed      0.00%
 201  Fabaeformiscandona_fabaeformis                      92.29%    failed      0.15%
 202  Fabaeformiscandona_fragilis                         99.02%    failed      0.01%
 203  Fabaeformiscandona_kushiroensis                     25.57%    failed      0.00%
 204  Fabaeformiscandona_protzi                           99.02%    failed      0.00%
 205  Fabaeformiscandona_sp.                              69.19%    failed      0.00%
 206  Fabaeformiscandona_subacuta                         98.13%    passed     10.03%
 207  Fellia_cornuta                                      98.88%    failed      0.00%
 208  Gaussicia_incisa                                    98.86%    failed      0.00%
 209  Gigantocypris_dracontovalis                         98.86%    failed      0.00%
 210  Gigantocypris_muelleri                              98.86%    failed      0.00%
 211  Halocypria_globosa                                  98.86%    failed      0.00%
 212  Halocypris_aff._angustifrontalis_Os097.1.1          98.86%    failed      0.00%
 213  Halocypris_aff._angustifrontalis_Os097.1.2          98.87%    failed      0.00%
 214  Halocypris_aff._angustifrontalis_Os097.1.3          98.86%    failed      0.00%
 215  Halocypris_inflata                                  98.69%    failed      0.00%
 216  Harbansus_paucichelatus                             87.50%    failed      0.00%
 217  Hemicytherura_kajiyamai                             96.54%    passed      7.95%
 218  Heterocypris_barbara                                99.30%    failed      0.00%
 219  Heterocypris_cf._incongruens_AG-2007                99.30%    failed      0.00%
 220  Heterocypris_incongruens                            70.07%    failed      0.00%
 221  Heterocypris_salina                                 96.71%    passed      8.57%
 222  Heterocypris_sp                                     92.57%    failed      0.00%
 223  Heterocypris_sp.                                    92.29%    failed      0.01%
 224  Heterocypris_vandouwei                              95.39%    failed      0.46%
 225  Hirsutocythere_hanaii                               96.54%    passed      8.45%
 226  Howeina_sp.                                         96.54%    passed      7.03%
 227  Hutchinsoniella_macracantha                         96.24%    failed      0.15%
 228  Ilyocypris_angulata                                 96.69%    passed      8.90%
 229  Ilyocypris_japonica                                 96.56%    passed      5.52%
 230  Ilyocypris_sp                                       93.28%    failed      0.01%
 231  Ilyocypris_sp.                                      70.76%    failed      0.00%
 232  Ishizakiella_miurensis                              96.54%    passed     30.98%
 233  Kavalacythereis_braconensis                         98.30%    failed      0.13%
 234  Keijcyoidea_sp.                                     96.56%    passed      6.58%
 235  Keijia_demissa                                      96.66%    passed     17.00%
 236  Kliecope_mihoensis                                  96.17%    failed      0.00%
 237  Kliecope_oligohalina                                96.36%    failed      0.00%
 238  Kotoracythere_inconspicua                           96.54%    passed     19.04%
 239  Krithe_angelikae                                    96.10%    failed      0.60%
 240  Krithe_cerritula                                    95.76%    failed      0.14%
 241  Krithe_kamchatkaensis                               95.69%    failed      0.56%
 242  Krithe_maxima                                       95.74%    failed      0.04%
 243  Krithe_rara                                         95.98%    failed      0.61%
 244  Krithe_tsukagoshii                                  95.83%    failed      0.00%
 245  Kyrtoecia_kyrtophora                                98.86%    failed      0.00%
 246  Lepas_anserifera                                    96.53%    failed      2.68%
 247  Lepeophtheirus_salmonis                             96.64%    failed      0.20%
 248  Leptocythere_lacertosa                              96.54%    passed     14.61%
 249  Leptocythere_ventriclivosa                          96.72%    passed     19.60%
 250  Lernaeocera_branchialis                             96.65%    failed      2.60%
 251  Leuroleberis_mackenziei                             95.30%    failed      0.19%
 252  Leuroleberis_surugaensis                            98.39%    failed      0.00%
 253  Limnadia_lenticularis                               96.63%    passed     12.09%
 254  Limnocythere_inopinata                              95.57%    failed      0.39%
 255  Limnocythere_sp                                     96.63%    passed      6.88%
 256  Limnocythere_sp.                                    96.55%    passed      7.49%
 257  Limulus_polyphemus                                  92.59%    failed      0.00%
 258  Loricoecia_acutimarginata                           98.86%    failed      0.00%
 259  Loxoconcha_sp.                                      98.78%    failed      0.75%
 260  Loxoconchidae_sp.                                   99.05%    passed     59.30%
 261  Loxocorniculum_mutsuense                            96.55%    passed     20.99%
 262  Loxothylacus_texanus                                96.50%    passed      5.18%
 263  Lynceus_sp                                          96.65%    passed     42.05%
 264  Macroconchoecia_macroreticulata                     98.85%    failed      0.00%
 265  Macroconchoecia_spinireticulata                     98.82%    failed      0.00%
 266  Macrocyprididae_sp.                                 98.08%    passed     39.49%
 267  Macrocypris_sp                                      93.42%    failed      0.05%
 268  Macrocypris_sp.                                     90.29%    failed      0.00%
 269  Macromckenziea_aff._giambonini_SNB-2010             98.64%    failed      0.00%
 270  Macromckenziea_glacierae                            98.74%    failed      0.00%
 271  Macroscapha_aff._walterae_SNB-2010                  97.41%    failed      0.00%
 272  Macroscapha_falcis                                  97.39%    failed      0.00%
 273  Macroscapha_inaequata                               97.39%    failed      0.00%
 274  Macroscapha_opaca                                   97.40%    failed      0.00%
 275  Macroscapha_solecavai                               97.41%    failed      0.00%
 276  Macroscapha_turbida                                 97.45%    failed      0.00%
 277  Macroscapha_walterae                                97.41%    failed      0.00%
 278  Mamilloecia_mamillata                               98.86%    failed      0.00%
 279  Manawa_staceyi                                      92.02%    failed      0.09%
 280  Mangalocypria_ryukyuensis                           74.85%    failed      0.00%
 281  Mangalocypria_sp.                                   98.75%    failed      0.00%
 282  Manuelcypris_chetumalensis                          96.16%    failed      0.01%
 283  Manuelcypris_tabascena                              93.93%    failed      0.01%
 284  Melavargula_japonica                                93.20%    failed      0.00%
 285  Mesocyclops_edax                                    98.85%    passed     19.20%
 286  Mesocyprideis_irsacae                               98.09%    failed      0.75%
 287  Mesocyprideis_pila                                  99.16%    passed     66.10%
 288  Mesocyprideis_sp.                                   99.16%    passed     47.43%
 289  Metaconchoecia_acuta                                98.81%    failed      0.00%
 290  Metaconchoecia_aff._skogsbergi_Os072.1.1            99.15%    failed      0.00%
 291  Metaconchoecia_aff._skogsbergi_Os072.1.2            99.04%    failed      0.00%
 292  Metaconchoecia_aff._skogsbergi_Os072.1.3            99.06%    failed      0.00%
 293  Metaconchoecia_arcuata                              98.69%    failed      0.00%
 294  Metaconchoecia_inflata                              98.69%    failed      0.00%
 295  Metaconchoecia_longiseta                            98.86%    failed      0.00%
 296  Metaconchoecia_rotundata                            98.95%    failed      0.00%
 297  Metaconchoecia_skogsbergi                           98.86%    failed      0.00%
 298  Metaconchoecia_subinflata                           98.69%    failed      0.00%
 299  Metacypris_digitiformis                             90.43%    failed      0.00%
 300  Microdarwinula_zimmeri                              98.57%    passed     39.04%
 301  Mikroconchoecia_curta                               98.95%    failed      0.00%
 302  Mikroconchoecia_sp.                                 98.86%    failed      0.00%
 303  Mikroconchoecia_stigmatica                          98.86%    failed      0.00%
 304  Mixtacandona_chappuisi                              99.02%    failed      0.00%
 305  Mixtacandona_sp.                                    99.02%    failed      0.00%
 306  Mollicia_kampta                                     98.86%    failed      0.00%
 307  Mollicia_mollis                                     98.86%    failed      0.00%
 308  Mollicia_tyloda                                     98.68%    failed      0.00%
 309  Nannocandona_faba                                   99.02%    failed      0.19%
 310  Nasoecia_nasotuberculata                            98.86%    failed      0.00%
 311  Nebalia_hessleri                                    92.21%    failed      0.03%
 312  Nenesidea_oligodentata                              96.55%    passed     33.19%
 313  Neomonoceratina_crispata                            96.63%    failed      4.57%
 314  Neomonoceratina_microreticulata                     96.55%    passed      7.05%
 315  Neomonoceratina_sp.                                 98.76%    failed      1.05%
 316  Neonesidea_haikangensis                             96.72%    passed     34.43%
 317  Neonesidea_oligodentata                             96.63%    passed     33.71%
 318  Neonesidea_sp                                       93.35%    failed      0.01%
 319  Notodromas_monacha                                  90.22%    failed      0.00%
 320  Obtusoecia_antarctica                               98.86%    failed      0.00%
 321  Orchesella_imitari                                  96.70%    passed      5.98%
 322  Orthoconchoecia_atlantica                           98.76%    failed      0.00%
 323  Orthoconchoecia_bispinosa                           98.86%    failed      0.00%
 324  Orthoconchoecia_haddoni                             98.86%    failed      0.00%
 325  Orthoconchoecia_secernenda                          98.67%    failed      0.00%
 326  Paracobanocythere_grandis                           98.74%    failed      0.00%
 327  Paracobanocythere_sp.                               98.74%    failed      0.00%
 328  Paracobanocythere_watanabei                         98.74%    failed      0.00%
 329  Paraconchoecia_aequiseta                            98.73%    failed      0.00%
 330  Paraconchoecia_allotherium                          98.86%    failed      0.00%
 331  Paraconchoecia_cophopyga                            98.86%    failed      0.00%
 332  Paraconchoecia_dasyophthalma                        98.86%    failed      0.00%
 333  Paraconchoecia_dorsotuberculata                     98.76%    failed      0.00%
 334  Paraconchoecia_echinata                             98.69%    failed      0.00%
 335  Paraconchoecia_mamillata                            98.86%    failed      0.00%
 336  Paraconchoecia_oblonga                              98.69%    failed      0.00%
 337  Paracypria_longiseta                                73.79%    failed      0.00%
 338  Paracypria_plumosa                                  74.69%    failed      0.00%
 339  Paradoloria_pellucida                               98.20%    failed      0.00%
 340  Paradoxostoma_setoense                              96.55%    failed      4.54%
 341  Paradoxostoma_sp                                    93.52%    failed      0.01%
 342  Paradoxostomatidae_sp.                              99.02%    passed     54.80%
 343  Parakrithella_pseudadonta                           96.54%    passed      8.25%
 344  Paramollicia_dichotoma                              98.86%    failed      0.00%
 345  Paramollicia_major                                  98.86%    failed      0.00%
 346  Parapolycope_digitolabrum                           96.31%    failed      0.00%
 347  Parapolycope_japonica                               96.24%    failed      0.00%
 348  Parapolycope_miurens                                96.33%    failed      0.00%
 349  Parapolycope_psittacina                             96.36%    failed      0.00%
 350  Parapolycope_setouchiensis                          94.78%    failed      0.00%
 351  Parapolycope_sp.                                    98.50%    failed      0.00%
 352  Parapolycope_spiralis                               94.72%    failed      0.00%
 353  Parapolycope_subtidalis                             96.33%    failed      0.00%
 354  Parapolycope_uncata                                 96.31%    failed      0.00%
 355  Parapolycope_viriosa                                96.36%    failed      0.00%
 356  Parapolycope_watanabei                              94.73%    failed      0.00%
 357  Parapolycope_widoensis                              96.30%    failed      0.00%
 358  Parasterope_gamurru                                 93.47%    failed      0.00%
 359  Parasterope_pollex                                  94.14%    failed      0.01%
 360  Parasterope_sp.                                     95.18%    failed      0.00%
 361  Parasterope_styx                                    95.70%    failed      0.01%
 362  Paravargula_sp.                                     98.21%    failed      0.00%
 363  Penthesilenula_kohanga                              99.40%    failed      0.02%
 364  Periplaneta_americana                               96.66%    failed      1.23%
 365  Perissocytheridea_japonica                          96.54%    passed      9.50%
 366  Philomedes_sp.                                      96.49%    passed     24.10%
 367  Philomedidae_sp.                                    98.97%    passed     18.17%
 368  Physocypria_biwaensis                               91.81%    failed      0.00%
 369  Physocypria_cf._biwaensis_16_IK-2017                98.63%    failed      0.03%
 370  Physocypria_cf._biwaensis_27_IK-2017                98.88%    passed     40.76%
 371  Physocypria_cf._biwaensis_32_IK-2017                96.86%    passed     12.33%
 372  Physocypria_cf._biwaensis_7_IK-2017                 98.83%    failed      1.36%
 373  Physocypria_kraepelini                              96.77%    passed     12.49%
 374  Physocypria_nipponica                               70.73%    failed      0.00%
 375  Physocypria_sp.                                     90.67%    failed      0.00%
 376  Pilbaracandona_eberhardi                            93.94%    failed      0.00%
 377  Pistocythereis_bradyformis                          96.53%    failed      4.06%
 378  Polycope_japonica                                   96.32%    failed      0.00%
 379  Polycope_pseudoinornata                             96.07%    failed      0.01%
 380  Polycope_punctata                                   96.10%    failed      0.00%
 381  Polycope_sp                                         93.02%    failed      0.00%
 382  Polycope_sp.                                        90.97%    failed      0.00%
 383  Polycope_yasuharai                                  96.27%    failed      0.00%
 384  Polycopetta_quadrispinata                           96.41%    failed      0.13%
 385  Polycopiella_sp.                                    96.36%    failed      0.00%
 386  Pontocyprididae_sp.                                 99.02%    passed     75.41%
 387  Pontocypris_mytiloides                              89.38%    failed      0.00%
 388  Pontocythere_sp.                                    96.54%    passed      5.83%
 389  Pontocythere_subjaponica                            96.54%    passed      6.13%
 390  Porroecia_parthenoda                                98.96%    failed      0.00%
 391  Porroecia_sp.                                       98.70%    failed      0.00%
 392  Porroecia_spinirostris                              98.69%    failed      0.00%
 393  Postasterope_barnesi                                95.69%    failed      0.01%
 394  Postasterope_corrugata                              94.81%    failed      0.00%
 395  Prionocypris_aragonica                              98.51%    failed      0.00%
 396  Prionocypris_zenkeri                                99.36%    passed     59.89%
 397  Proceroecia_brachyaskos                             98.69%    failed      0.00%
 398  Proceroecia_microprocera                            98.67%    failed      0.00%
 399  Proceroecia_procera                                 98.69%    failed      0.00%
 400  Proceroecia_sp.                                     98.69%    failed      0.00%
 401  Propontocypris_pirifera                             96.34%    failed      0.03%
 402  Propontocypris_sp1                                  92.74%    failed      0.00%
 403  Propontocypris_sp2                                  92.33%    failed      0.00%
 404  Psammocythere_oviformis                             96.58%    passed     22.28%
 405  Pseudocandona_albicans                              94.80%    failed      0.00%
 406  Pseudocandona_compressa                             99.02%    failed      0.00%
 407  Pseudocandona_hartwigi                              92.81%    failed      0.00%
 408  Pseudocandona_insculpta                             96.68%    failed      0.00%
 409  Pseudocandona_marchica                              99.02%    failed      0.00%
 410  Pseudocandona_pratensis                             94.11%    failed      0.00%
 411  Pseudocandona_regisnikolai                          92.45%    failed      0.00%
 412  Pseudocandona_sp.                                   66.20%    failed      0.00%
 413  Pseudocandona_tenuirostris                          96.64%    failed      0.45%
 414  Pseudoconchoecia_serrulata                          98.86%    failed      0.00%
 415  Puriana_sp                                          93.33%    failed      0.01%
 416  Robustaurila_salebrosa                              96.55%    passed      7.12%
 417  Romecytheridea_ampla                                95.79%    failed      0.06%
 418  Romecytheridea_bacata                               98.23%    failed      4.48%
 419  Romecytheridea_longior                              98.31%    failed      0.09%
 420  Romecytheridea_tenuisculpta                         98.30%    passed      8.79%
 421  Rotundoecia_teretivalvata                           98.86%    failed      0.00%
 422  Rutiderma_apex                                      88.86%    failed      0.00%
 423  Rutidermatidae_sp.                                  98.96%    passed     38.08%
 424  Sarsiella_japonica                                  98.67%    failed      0.00%
 425  Sarsiella_misakiensis                               96.39%    passed     22.30%
 426  Sarsiellidae_sp.                                    98.97%    passed     20.81%
 427  Schlerochilus_oshoroensis                           96.54%    passed     11.16%
 428  Scutigera_coleoptrata                               95.76%    failed      0.00%
 429  Semibalanus_balanoides                              96.53%    failed      1.44%
 430  Semicytherura_striata                               96.53%    failed      2.40%
 431  Skogsbergia_lerneri                                 92.55%    failed      0.00%
 432  Skogsbergia_sp.                                     98.21%    failed      0.00%
 433  Skogsbergiella_sp.                                  95.28%    failed      0.02%
 434  Spinileberis_quadriaculeata                         96.55%    passed     15.06%
 435  Stenocypria_sp.                                     70.64%    failed      0.00%
 436  Stenocypris_derupta                                 96.63%    failed      0.81%
 437  Stenocypris_major                                   96.59%    passed     10.36%
 438  Stenocypris_sp.                                     92.58%    failed      0.00%
 439  Strandesia_lansactohai                              97.83%    failed      0.01%
 440  Strandesia_nupelia                                  97.77%    failed      0.27%
 441  Strandesia_obtusata                                 97.82%    failed      0.88%
 442  Strandesia_uenoi                                    96.64%    failed      2.90%
 443  Strandesia_velhoi                                   97.84%    failed      0.00%
 444  Streptocephalus_seali                               96.64%    passed     31.16%
 445  Synasterope_sp.                                     94.86%    failed      0.00%
 446  Tanella_opima                                       96.72%    passed     34.50%
 447  Tanganyikacythere_burtonensis                       98.31%    passed     37.90%
 448  Tanganyikacythere_caljoni                           98.31%    failed      0.30%
 449  Tanycypris_sp.                                      92.94%    failed      0.00%
 450  Tenedocythere_transoceanica                         96.54%    passed     12.41%
 451  Terrestricythere_pratensis                          90.26%    failed      0.00%
 452  Tetraleberis_sp.                                    94.17%    failed      0.00%
 453  Tomocerus_sp                                        96.64%    passed      5.73%
 454  Tonnacypris_lutaria                                 97.94%    failed      0.00%
 455  Trachyleberis_sp.                                   96.54%    passed     13.83%
 456  Trapezicandona_sp.                                  93.87%    failed      0.00%
 457  Tribolium_castaneum                                 96.51%    passed     16.63%
 458  Triops_longicaudatus                                92.56%    failed      0.00%
 459  Typhlocypris_cavicola                               99.02%    failed      0.00%
 460  Typhlocypris_choi                                   94.69%    failed      0.00%
 461  Typhlocypris_eremita                                99.02%    failed      0.43%
 462  Typhlocypris_sp.                                    93.12%    failed      0.00%
 463  Typhlocypris_sywulai                                99.02%    failed      0.16%
 464  Uncinocythere_occidentalis                          96.62%    passed     13.13%
 465  Undulacandona_aeolus                                93.51%    failed      0.00%
 466  Undulacandona_andromeda                             92.82%    failed      0.00%
 467  Undulacandona_koreana                               90.54%    failed      0.00%
 468  Undulacandona_sp.                                   92.76%    failed      0.00%
 469  Vargula_hilgendorfii                                86.85%    failed      0.00%
 470  Vargula_sp.                                         98.22%    failed      0.00%
 471  Vargula_tsujii                                      93.91%    failed      0.01%
 472  Vestalenula_brasiliensis                            98.79%    failed      0.07%
 473  Vestalenula_marmonieri                              97.97%    failed      0.36%
 474  Vestalenula_matildae                                97.95%    failed      0.01%
 475  Vestalenula_molopoensis                             98.38%    failed      1.68%
 476  Vestalenula_sp                                      97.65%    passed     14.29%
 477  Vestalenula_sp.                                     96.61%    failed      4.48%
 478  Xestoleberididae_sp.                                97.93%    passed      6.24%
 479  Xestoleberis_hanaii                                 96.54%    passed      6.76%
 480  Xestoleberis_sp                                     93.29%    failed      0.02%
 481  Xestoleberis_sp.                                    98.77%    failed      1.11%
 482  Xiphichilus_sp.                                     96.55%    passed     14.08%
WARNING: 481 sequences contain more than 50% gaps/ambiguity
****  TOTAL                                               95.68%  382 sequences failed composition chi2 test (p-value<5%; df=3)
NOTE: Discoconchoecia_aff._elegans_CMARA05509_Os109.1.3 is identical to Discoconchoecia_aff._elegans_CMARA05309_Os109.1.1 but kept for subsequent analysis

Create initial parsimony tree by phylogenetic likelihood library (PLL)... 2.887 seconds

NOTE: 241 MB RAM (0 GB) is required!
Estimate model parameters (epsilon = 0.100)
1. Initial log-likelihood: -525940.829
2. Current log-likelihood: -435897.176
3. Current log-likelihood: -435419.932
4. Current log-likelihood: -435407.073
5. Current log-likelihood: -435404.522
6. Current log-likelihood: -435403.663
Optimal log-likelihood: -435403.535
Rate parameters:  A-C: 0.72752  A-G: 1.64267  A-T: 1.37833  C-G: 0.74647  C-T: 2.61033  G-T: 1.00000
Base frequencies:  A: 0.250  C: 0.241  G: 0.256  T: 0.253
Parameters optimization took 6 rounds (3.429 sec)
Computing ML distances based on estimated model parameters... 52.604 sec
WARNING: Some pairwise ML distances are too long (saturated)
Computing BIONJ tree...
0.186 seconds
Log-likelihood of BIONJ tree: -452240.114
--------------------------------------------------------------------
|             INITIALIZING CANDIDATE TREE SET                      |
--------------------------------------------------------------------
Generating 98 parsimony trees... 277.948 second
Computing log-likelihood of 98 initial trees ... 38.517 seconds
Current best score: -431525.536

Do NNI search on 20 best initial trees
Estimate model parameters (epsilon = 0.100)
BETTER TREE FOUND at iteration 1: -429720.247
Iteration 10 / LogL: -430074.492 / Time: 0h:6m:45s
Estimate model parameters (epsilon = 0.100)
BETTER TREE FOUND at iteration 16: -429670.435
Iteration 20 / LogL: -430649.670 / Time: 0h:8m:16s
Finish initializing candidate tree set (20)
Current best tree score: -429670.435 / CPU time: 483.517
Number of iterations: 20
--------------------------------------------------------------------
|               OPTIMIZING CANDIDATE TREE SET                      |
--------------------------------------------------------------------
Estimate model parameters (epsilon = 0.100)
BETTER TREE FOUND at iteration 25: -429580.759
Iteration 30 / LogL: -429633.429 / Time: 0h:9m:29s (0h:30m:53s left)
Iteration 40 / LogL: -429644.207 / Time: 0h:10m:35s (0h:22m:56s left)
Estimate model parameters (epsilon = 0.100)
BETTER TREE FOUND at iteration 44: -429577.708
Estimate model parameters (epsilon = 0.100)
BETTER TREE FOUND at iteration 47: -429558.885
Estimate model parameters (epsilon = 0.100)
BETTER TREE FOUND at iteration 49: -429554.816
Iteration 50 / LogL: -429635.321 / Time: 0h:11m:45s (0h:23m:38s left)
Estimate model parameters (epsilon = 0.100)
BETTER TREE FOUND at iteration 51: -429553.338
Estimate model parameters (epsilon = 0.100)
BETTER TREE FOUND at iteration 59: -429546.148
Iteration 60 / LogL: -429824.067 / Time: 0h:12m:50s (0h:21m:28s left)
Estimate model parameters (epsilon = 0.100)
BETTER TREE FOUND at iteration 66: -429514.744
Iteration 70 / LogL: -429585.877 / Time: 0h:14m:1s (0h:19m:25s left)
Iteration 80 / LogL: -429573.058 / Time: 0h:15m:7s (0h:16m:24s left)
Estimate model parameters (epsilon = 0.100)
BETTER TREE FOUND at iteration 83: -429510.181
Iteration 90 / LogL: -429866.524 / Time: 0h:16m:26s (0h:17m:7s left)
Estimate model parameters (epsilon = 0.100)
BETTER TREE FOUND at iteration 98: -429488.557
Iteration 100 / LogL: -429540.593 / Time: 0h:17m:42s (0h:17m:28s left)
Iteration 110 / LogL: -429518.806 / Time: 0h:18m:52s (0h:15m:11s left)
Iteration 120 / LogL: -429510.263 / Time: 0h:20m:11s (0h:13m:12s left)
Iteration 130 / LogL: -429494.592 / Time: 0h:21m:18s (0h:11m:12s left)
Estimate model parameters (epsilon = 0.100)
BETTER TREE FOUND at iteration 136: -429469.941
Iteration 140 / LogL: -429491.766 / Time: 0h:22m:19s (0h:15m:22s left)
Iteration 150 / LogL: -429582.615 / Time: 0h:23m:30s (0h:13m:31s left)
Iteration 160 / LogL: -429524.103 / Time: 0h:24m:48s (0h:11m:49s left)
Iteration 170 / LogL: -429505.055 / Time: 0h:25m:59s (0h:10m:7s left)
Iteration 180 / LogL: -429564.510 / Time: 0h:27m:7s (0h:8m:28s left)
Iteration 190 / LogL: -429539.023 / Time: 0h:28m:21s (0h:6m:53s left)
Iteration 200 / LogL: -429576.127 / Time: 0h:29m:22s (0h:5m:18s left)
Iteration 210 / LogL: -429511.788 / Time: 0h:30m:28s (0h:3m:47s left)
Iteration 220 / LogL: -429542.830 / Time: 0h:31m:39s (0h:2m:18s left)
Iteration 230 / LogL: -429499.825 / Time: 0h:32m:44s (0h:0m:51s left)
TREE SEARCH COMPLETED AFTER 237 ITERATIONS / Time: 0h:33m:30s

--------------------------------------------------------------------
|                    FINALIZING TREE SEARCH                        |
--------------------------------------------------------------------
Performs final model parameters optimization
Estimate model parameters (epsilon = 0.010)
1. Initial log-likelihood: -429469.941
2. Current log-likelihood: -429469.860
3. Current log-likelihood: -429469.773
4. Current log-likelihood: -429469.712
5. Current log-likelihood: -429469.668
6. Current log-likelihood: -429469.634
Optimal log-likelihood: -429469.617
Rate parameters:  A-C: 0.73171  A-G: 1.65132  A-T: 1.38275  C-G: 0.75815  C-T: 2.63618  G-T: 1.00000
Base frequencies:  A: 0.250  C: 0.241  G: 0.256  T: 0.253
Parameters optimization took 6 rounds (1.821 sec)
BEST SCORE FOUND : -429469.617
Total tree length: 36.606

Total number of iterations: 237
CPU time used for tree search: 34385.441 sec (9h:33m:5s)
Wall-clock time used for tree search: 1997.258 sec (0h:33m:17s)
Total CPU time used: 34612.279 sec (9h:36m:52s)
Total wall-clock time used: 2012.537 sec (0h:33m:32s)

Analysis results written to: 
  IQ-TREE report:                phylogenies/genbank_12_07_2019.iqtree
  Maximum-likelihood tree:       phylogenies/genbank_12_07_2019.treefile
  Likelihood distances:          phylogenies/genbank_12_07_2019.mldist
  Screen log file:               phylogenies/genbank_12_07_2019.log

Date and Time: Sat Dec  7 16:50:32 2019
