IQ-TREE multicore version 1.6.12 for Linux 64-bit built Aug 15 2019
Developed by Bui Quang Minh, Nguyen Lam Tung, Olga Chernomor,
Heiko Schmidt, Dominik Schrempf, Michael Woodhams.

Host:    node15.podcluster (AVX512, FMA3, 187 GB RAM)
Command: iqtree -s analyses/genbank_muscle.phylip -m GTR -pre phylogenies/genbank_12_13_2019 -redo -nt 20
Seed:    652006 (Using SPRNG - Scalable Parallel Random Number Generator)
Time:    Fri Dec 13 11:36:06 2019
Kernel:  AVX+FMA - 20 threads (40 CPU cores detected)

Reading alignment file analyses/genbank_muscle.phylip ... Phylip format detected
Alignment most likely contains DNA/RNA sequences
WARNING: 177 sites contain only gaps or ambiguous characters.
Alignment has 481 sequences with 52703 columns, 16027 distinct patterns
11161 parsimony-informative, 10042 singleton sites, 31499 constant sites
                                                   Gap/Ambiguity  Composition  p-value
   1  Acanthocyclops_vernalis                             96.64%    passed      9.92%
   2  Actinocythereis_costata                             96.56%    failed      4.03%
   3  Actinoseta_jonesi                                   91.76%    failed      0.00%
   4  Acyrthosiphon_pisum                                 95.36%    failed      0.00%
   5  Alacia_alata                                        98.97%    failed      0.00%
   6  Alacia_belgicae                                     98.87%    failed      0.00%
   7  Alacia_hettacra                                     98.87%    failed      0.00%
   8  Alacia_valdiviae                                    98.87%    failed      0.00%
   9  Albileberis_sheyangensis                            96.73%    passed     18.53%
  10  Alicenula_inversa                                   98.45%    failed      0.03%
  11  Apis_mellifera                                      96.48%    passed     37.45%
  12  Archaeocyprideis_tuberculata                        99.16%    passed     32.68%
  13  Archasterope_bulla                                  95.34%    failed      0.00%
  14  Archasterope_efficax                                94.80%    failed      0.15%
  15  Archasterope_sp.                                    96.64%    failed      0.16%
  16  Archiconchoecemma_simula                            98.87%    failed      0.00%
  17  Archiconchoecetta_bimucronata                       98.89%    failed      0.00%
  18  Archiconchoecetta_bispicula                         98.88%    failed      0.00%
  19  Archiconchoecia_striata                             98.87%    failed      0.00%
  20  Archiconchoecia_versicula                           98.87%    failed      0.00%
  21  Archiconchoecissa_pljusnini                         98.87%    failed      0.00%
  22  Argulus_sp                                          93.21%    failed      0.01%
  23  Armadillidium_vulgare                               91.62%    failed      0.00%
  24  Armillifer_armillatus                               96.59%    passed     12.72%
  25  Artemia_franciscana                                 96.65%    passed     22.07%
  26  Artemia_salina                                      92.78%    failed      0.00%
  27  Asteropella_monambon                                97.46%    failed      0.00%
  28  Asteropella_slatteryi                               96.76%    failed      0.01%
  29  Asteropella_sp.                                     93.93%    failed      0.01%
  30  Asteropterygion_magnum                              94.01%    failed      0.00%
  31  Aurila_disparata                                    96.56%    passed      7.32%
  32  Austrinoecia_isocheira                              98.87%    failed      0.00%
  33  Azygocypridina_lowryi                               94.76%    failed      0.09%
  34  Baicalocandona_navitarum                            93.29%    failed      0.00%
  35  Bairdia_sp.                                         96.58%    passed     43.79%
  36  Bairdiidae_sp.                                      97.91%    failed      2.31%
  37  Bairdiocopina_sp.                                   94.95%    failed      0.00%
  38  Bathyleberis_oculata                                94.46%    failed      0.24%
  39  Bennelongia_coondinerensis                          99.00%    failed      0.00%
  40  Bennelongia_cuensis                                 99.00%    failed      0.00%
  41  Bennelongia_cuensis_sensu_lato_RS150                99.00%    failed      0.00%
  42  Bennelongia_dedeckkeri                              99.00%    failed      0.00%
  43  Bennelongia_gwelupensis                             99.00%    failed      0.00%
  44  Bennelongia_harpago                                 99.00%    failed      0.00%
  45  Bennelongia_ivanae                                  98.71%    failed      0.00%
  46  Bennelongia_kimberleyensis                          99.00%    failed      0.00%
  47  Bennelongia_koendersae                              99.00%    failed      0.00%
  48  Bennelongia_lata                                    99.00%    failed      0.00%
  49  Bennelongia_mckenziei                               99.00%    failed      0.00%
  50  Bennelongia_nimala                                  99.00%    failed      0.00%
  51  Bennelongia_pinderi                                 99.00%    failed      0.00%
  52  Bennelongia_pinpi                                   99.00%    failed      0.00%
  53  Bennelongia_regina                                  99.00%    failed      0.00%
  54  Bennelongia_scanloni                                98.71%    failed      0.00%
  55  Bennelongia_sp.                                     99.00%    failed      0.00%
  56  Bennelongia_strellyensis                            99.00%    failed      0.00%
  57  Bennelongia_timmsi                                  99.00%    failed      0.00%
  58  Bennelongia_tirigie                                 99.00%    failed      0.00%
  59  Bennelongia_triangulata                             99.00%    failed      0.00%
  60  Bicornucythere_bisanensis                           96.55%    passed      6.54%
  61  Boroecia_antipoda                                   98.87%    failed      0.00%
  62  Boroecia_borealis                                   98.96%    failed      0.00%
  63  Boroecia_maxima                                     99.00%    failed      0.00%
  64  Bradleya_nuda                                       96.56%    passed     11.65%
  65  Bradleycypris_vittata                               91.65%    failed      0.00%
  66  Bythoceratina_hanejiensis                           96.57%    passed     63.47%
  67  Calanus_finmarchicus                                96.69%    passed     12.15%
  68  Caligus_rogercresseyi                               98.55%    failed      0.06%
  69  Candona_bimucronata                                 92.77%    failed      0.00%
  70  Candona_candida                                     66.98%    failed      0.00%
  71  Candona_directa                                     93.40%    failed      0.00%
  72  Candona_godlewski                                   92.06%    failed      0.00%
  73  Candona_holzkampfi                                  89.97%    failed      0.00%
  74  Candona_neglecta                                    91.13%    failed      0.00%
  75  Candona_orbiculata                                  91.67%    failed      0.00%
  76  Candona_quasiakaina                                 94.14%    failed      0.13%
  77  Candona_rupestris                                   92.55%    failed      0.01%
  78  Candona_spicata                                     90.50%    failed      0.00%
  79  Candona_weltneri                                    99.02%    failed      0.00%
  80  Candoninae_sp.                                      92.42%    failed      0.00%
  81  Candonopsis_kingsleii                               99.02%    failed      0.00%
  82  Candonopsis_transgrediens                           98.15%    failed      3.66%
  83  Caudites_asiaticus                                  96.56%    passed      5.08%
  84  Chavturia_abyssopelagica                            98.87%    failed      0.00%
  85  Chrissia_dongqianhuensis                            91.43%    failed      0.00%
  86  Chthamalus_fragilis                                 96.87%    failed      3.30%
  87  Clausoecia_pusilla                                  98.87%    failed      0.00%
  88  Cobanocythere_japonica                              96.56%    passed     19.75%
  89  Conchoecetta_acuminata                              98.70%    failed      0.00%
  90  Conchoecetta_giesbrechti                            98.70%    failed      0.00%
  91  Conchoecia_hyalophyllum                             98.70%    failed      0.00%
  92  Conchoecia_macrocheira                              98.87%    failed      0.00%
  93  Conchoecia_magna                                    98.70%    failed      0.00%
  94  Conchoecia_sp                                       93.45%    failed      0.00%
  95  Conchoecia_sp.                                      93.55%    failed      0.00%
  96  Conchoecilla_chuni                                  98.87%    failed      0.00%
  97  Conchoecilla_daphnoides                             98.85%    failed      0.00%
  98  Conchoecissa_ametra                                 98.69%    failed      0.00%
  99  Conchoecissa_imbricata                              98.68%    failed      0.00%
 100  Conchoecissa_sp                                     99.07%    failed      0.00%
 101  Conchoecissa_symmetrica                             98.87%    failed      0.00%
 102  Coquimba_ishizakii                                  96.56%    passed      7.63%
 103  Cryptocandona_smithi                                92.66%    failed      0.00%
 104  Cryptocandona_sp.                                   70.44%    failed      0.00%
 105  Cryptocandona_vavrai                                99.02%    failed      0.00%
 106  Cyclocypris_sp.                                     90.40%    failed      0.00%
 107  Cylindroleberididae_sp.                             93.35%    failed      0.02%
 108  Cylindroleberis_marranyin                           94.91%    failed      0.07%
 109  Cylindroleberis_sp.                                 94.75%    failed      0.00%
 110  Cypretta_seurati                                    90.26%    failed      0.00%
 111  Cypretta_turgida                                    97.27%    failed      2.83%
 112  Cypria_crenulata                                    96.67%    passed     11.04%
 113  Cypria_exsculpta                                    70.89%    failed      0.00%
 114  Cypria_ophtalmica                                   96.87%    passed      8.59%
 115  Cypria_sp.                                          98.76%    passed      6.49%
 116  Cyprideis_cf._australiensis_IS-2016                 97.96%    failed      0.00%
 117  Cyprideis_spatula                                   99.17%    passed     43.23%
 118  Cyprideis_torosa                                    97.23%    failed      0.00%
 119  Cyprididae_gen._sp.                                 96.88%    passed     13.99%
 120  Cypridina_dentata                                   98.69%    failed      0.00%
 121  Cypridina_noctiluca                                 98.24%    failed      0.00%
 122  Cypridinodes_sp.                                    98.19%    failed      0.00%
 123  Cypridopsis_adusta                                  96.68%    passed      5.97%
 124  Cypridopsis_japonica                                96.58%    passed      5.76%
 125  Cypridopsis_sp                                      93.52%    failed      0.01%
 126  Cypridopsis_sp.                                     95.47%    failed      0.25%
 127  Cypridopsis_uenoi                                   70.70%    failed      0.00%
 128  Cypridopsis_vidua                                   92.52%    failed      0.00%
 129  Cyprinotus_sp.                                      93.99%    failed      0.00%
 130  Cythere_lutea                                       96.56%    passed     11.03%
 131  Cytherella_leizhouensis                             96.58%    passed     13.81%
 132  Cytherellidae_sp.                                   99.02%    passed     27.20%
 133  Cytherelloidea_californica                          98.48%    passed     57.18%
 134  Cytherelloidea_munechikai                           96.58%    passed     10.65%
 135  Cytherelloidea_sp                                   93.46%    failed      0.01%
 136  Cytherissa_crepera                                  99.14%    failed      1.28%
 137  Cytherissa_cytheriformis                            99.14%    passed     18.53%
 138  Cytherissa_donquixotei                              98.35%    failed      0.36%
 139  Cytherissa_elongata                                 98.35%    failed      1.33%
 140  Cytherissa_excelsiformis                            99.20%    failed      0.00%
 141  Cytherissa_glomerata                                99.19%    failed      0.01%
 142  Cytherissa_golyschkinae                             96.62%    failed      0.00%
 143  Cytherissa_interposita                              98.27%    failed      0.53%
 144  Cytherissa_lacustris                                96.51%    failed      0.00%
 145  Cytherissa_lata                                     96.62%    failed      0.00%
 146  Cytherissa_parallela                                96.62%    failed      0.12%
 147  Cytherissa_parva                                    96.62%    failed      0.02%
 148  Cytherissa_plena                                    99.14%    passed     30.44%
 149  Cytherissa_pterygota                                96.62%    failed      0.11%
 150  Cytherissa_pusilla                                  98.35%    failed      0.85%
 151  Cytherissa_sernovi                                  96.62%    failed      0.00%
 152  Cytherissa_sinistrodentata                          98.34%    failed      0.00%
 153  Cytherissa_sp.                                      96.62%    failed      0.01%
 154  Cytherissa_triangulata                              99.14%    failed      1.38%
 155  Cytherissa_truncata                                 98.35%    passed     12.46%
 156  Cytherissa_tuberculata                              96.61%    failed      0.05%
 157  Cytherissa_verrucosa                                96.62%    failed      0.00%
 158  Cytheroidea_sp.                                     99.03%    passed     45.22%
 159  Cytheroisinae_sp.                                   96.72%    passed     21.97%
 160  Cytheromatidae_sp.                                  99.03%    passed     46.91%
 161  Cytheromorpha_acupunctata                           96.57%    passed     16.63%
 162  Cytheropteron_subuchioi                             96.57%    passed      8.71%
 163  Daphnia_pulex                                       95.73%    failed      0.01%
 164  Darwinula_brasiliensis                              99.40%    failed      0.01%
 165  Darwinula_sp                                        93.19%    failed      0.00%
 166  Darwinula_sp.                                       95.53%    failed      0.00%
 167  Darwinula_stevensoni                                94.98%    passed     29.38%
 168  Deeveyoecia_arcuata                                 98.92%    failed      0.00%
 169  Derocheilocaris_typicus                             93.62%    failed      0.00%
 170  Discoconchoecia_aff._elegans_CMARA05309_Os109.1.1   98.87%    failed      0.00%
 171  Discoconchoecia_aff._elegans_CMARA05509_Os109.1.3   98.87%    failed      0.00%
 172  Discoconchoecia_discophora                          98.87%    failed      0.00%
 173  Discoconchoecia_elegans                             98.70%    failed      0.00%
 174  Discoconchoecia_sp.                                 98.70%    failed      0.00%
 175  Dolerocypria_mukaishimensis                         90.20%    failed      0.00%
 176  Dolerocypria_sp.                                    98.78%    passed      6.01%
 177  Dolerocypria_taalensis                              96.75%    passed      5.18%
 178  Dolerocypris_ikeyai                                 70.68%    failed      0.00%
 179  Dolerocypris_sinensis                               95.40%    failed      0.15%
 180  Drosophila_melanogaster                             91.90%    failed      0.00%
 181  Earicandona_mounchyon                               96.83%    passed     16.08%
 182  Euconchoecia_cf._chierchiae_S15-D7                  98.70%    failed      0.00%
 183  Euconchoecia_chierchiae                             98.83%    failed      0.00%
 184  Eucypris_crassa                                     99.09%    failed      0.00%
 185  Eucypris_mareotica                                  82.36%    failed      0.00%
 186  Eucypris_pigra                                      68.83%    failed      0.00%
 187  Eucypris_sp.                                        70.95%    failed      0.00%
 188  Eucypris_virens                                     97.19%    failed      0.00%
 189  Euphilomedes_cacharodonta                           96.93%    passed     18.37%
 190  Euphilomedes_japonica                               98.21%    failed      0.00%
 191  Euphilomedes_morini                                 92.95%    failed      0.00%
 192  Euphilomedes_sordida                                89.15%    failed      0.00%
 193  Euphilomedes_sp.                                    90.63%    failed      0.00%
 194  Eurypylus_koreanus                                  98.75%    failed      0.00%
 195  Eusarsiella_cornuta                                 98.75%    failed      0.00%
 196  Eusarsiella_hanguk                                  98.73%    failed      0.00%
 197  Eusarsiella_sp                                      93.09%    failed      0.00%
 198  Eusarsiella_sp.                                     89.90%    failed      0.14%
 199  Fabaeformiscandona_acuminata                        99.02%    failed      0.00%
 200  Fabaeformiscandona_aemonae                          99.02%    failed      0.00%
 201  Fabaeformiscandona_brevicornis                      99.02%    failed      0.00%
 202  Fabaeformiscandona_fabaeformis                      92.33%    failed      0.16%
 203  Fabaeformiscandona_fragilis                         99.02%    failed      0.00%
 204  Fabaeformiscandona_kushiroensis                     25.95%    failed      0.00%
 205  Fabaeformiscandona_protzi                           99.02%    failed      0.00%
 206  Fabaeformiscandona_sp.                              69.35%    failed      0.00%
 207  Fabaeformiscandona_subacuta                         98.14%    passed     10.05%
 208  Fellia_cornuta                                      98.89%    failed      0.00%
 209  Gaussicia_incisa                                    98.87%    failed      0.00%
 210  Gigantocypris_dracontovalis                         98.87%    failed      0.00%
 211  Gigantocypris_muelleri                              98.87%    failed      0.00%
 212  Halocypria_globosa                                  98.87%    failed      0.00%
 213  Halocypris_aff._angustifrontalis_Os097.1.1          98.87%    failed      0.00%
 214  Halocypris_aff._angustifrontalis_Os097.1.2          98.88%    failed      0.00%
 215  Halocypris_aff._angustifrontalis_Os097.1.3          98.87%    failed      0.00%
 216  Halocypris_inflata                                  98.70%    failed      0.00%
 217  Harbansus_paucichelatus                             87.57%    failed      0.00%
 218  Hemicytherura_kajiyamai                             96.56%    passed      8.25%
 219  Heterocypris_barbara                                99.31%    failed      0.00%
 220  Heterocypris_cf._incongruens_AG-2007                99.31%    failed      0.00%
 221  Heterocypris_incongruens                            70.22%    failed      0.00%
 222  Heterocypris_salina                                 96.72%    passed      8.89%
 223  Heterocypris_sp                                     92.60%    failed      0.00%
 224  Heterocypris_sp.                                    90.93%    failed      0.00%
 225  Heterocypris_vandouwei                              95.41%    failed      0.50%
 226  Hirsutocythere_hanaii                               96.56%    passed      8.66%
 227  Howeina_sp.                                         96.55%    passed      7.29%
 228  Hutchinsoniella_macracantha                         96.26%    failed      0.17%
 229  Ilyocypris_angulata                                 96.71%    passed      9.28%
 230  Ilyocypris_japonica                                 96.58%    passed      5.77%
 231  Ilyocypris_sp                                       93.32%    failed      0.01%
 232  Ilyocypris_sp.                                      70.91%    failed      0.00%
 233  Ishizakiella_miurensis                              96.56%    passed     31.51%
 234  Kavalacythereis_braconensis                         98.31%    failed      0.13%
 235  Keijcyoidea_sp.                                     96.58%    passed      6.81%
 236  Keijia_demissa                                      96.67%    passed     17.45%
 237  Kliecope_mihoensis                                  96.19%    failed      0.00%
 238  Kliecope_oligohalina                                96.37%    failed      0.00%
 239  Kotoracythere_inconspicua                           96.55%    passed     19.59%
 240  Krithe_angelikae                                    95.34%    failed      0.06%
 241  Krithe_cerritula                                    95.03%    failed      0.01%
 242  Krithe_kamchatkaensis                               94.93%    failed      0.11%
 243  Krithe_maxima                                       95.18%    failed      0.00%
 244  Krithe_rara                                         95.25%    failed      0.09%
 245  Krithe_tsukagoshii                                  95.08%    failed      0.00%
 246  Kyrtoecia_kyrtophora                                98.87%    failed      0.00%
 247  Lepas_anserifera                                    96.54%    failed      2.86%
 248  Lepeophtheirus_salmonis                             96.66%    failed      0.21%
 249  Leptocythere_lacertosa                              96.55%    passed     14.86%
 250  Leptocythere_polymorpha                             96.64%    passed     27.54%
 251  Leptocythere_ventriclivosa                          96.73%    passed     20.00%
 252  Lernaeocera_branchialis                             96.66%    failed      2.61%
 253  Leuroleberis_mackenziei                             95.32%    failed      0.20%
 254  Leuroleberis_surugaensis                            98.39%    failed      0.00%
 255  Limnadia_lenticularis                               96.65%    passed     12.63%
 256  Limnocythere_inopinata                              95.59%    failed      0.38%
 257  Limnocythere_sp                                     96.65%    passed      7.05%
 258  Limnocythere_sp.                                    96.57%    passed      7.69%
 259  Limulus_polyphemus                                  92.63%    failed      0.00%
 260  Loricoecia_acutimarginata                           98.87%    failed      0.00%
 261  Loxoconcha_sp.                                      98.79%    failed      0.78%
 262  Loxoconchidae_sp.                                   99.06%    passed     60.03%
 263  Loxocorniculum_mutsuense                            96.57%    passed     21.57%
 264  Loxothylacus_texanus                                96.52%    passed      5.50%
 265  Lynceus_sp                                          96.67%    passed     43.21%
 266  Macroconchoecia_macroreticulata                     98.86%    failed      0.00%
 267  Macroconchoecia_spinireticulata                     98.82%    failed      0.00%
 268  Macrocyprididae_sp.                                 98.09%    passed     40.09%
 269  Macrocypris_sp                                      93.46%    failed      0.05%
 270  Macrocypris_sp.                                     90.34%    failed      0.00%
 271  Macromckenziea_aff._giambonini_SNB-2010             98.65%    failed      0.00%
 272  Macromckenziea_glacierae                            98.75%    failed      0.00%
 273  Macroscapha_aff._walterae_SNB-2010                  97.42%    failed      0.00%
 274  Macroscapha_falcis                                  97.40%    failed      0.00%
 275  Macroscapha_inaequata                               97.40%    failed      0.00%
 276  Macroscapha_opaca                                   97.42%    failed      0.00%
 277  Macroscapha_solecavai                               97.42%    failed      0.00%
 278  Macroscapha_turbida                                 97.47%    failed      0.00%
 279  Macroscapha_walterae                                97.42%    failed      0.00%
 280  Mamilloecia_mamillata                               98.87%    failed      0.00%
 281  Manawa_staceyi                                      92.06%    failed      0.10%
 282  Mangalocypria_ryukyuensis                           74.98%    failed      0.00%
 283  Mangalocypria_sp.                                   86.87%    failed      0.00%
 284  Manuelcypris_chetumalensis                          94.78%    failed      0.00%
 285  Manuelcypris_tabascena                              92.72%    failed      0.00%
 286  Melavargula_japonica                                93.24%    failed      0.00%
 287  Mesocyclops_edax                                    98.86%    passed     19.57%
 288  Mesocyprideis_irsacae                               98.10%    failed      0.76%
 289  Mesocyprideis_pila                                  99.17%    passed     66.54%
 290  Mesocyprideis_sp.                                   99.17%    passed     47.73%
 291  Metaconchoecia_acuta                                98.81%    failed      0.00%
 292  Metaconchoecia_aff._skogsbergi_Os072.1.1            99.16%    failed      0.00%
 293  Metaconchoecia_aff._skogsbergi_Os072.1.2            99.05%    failed      0.00%
 294  Metaconchoecia_aff._skogsbergi_Os072.1.3            99.07%    failed      0.00%
 295  Metaconchoecia_arcuata                              98.69%    failed      0.00%
 296  Metaconchoecia_inflata                              98.70%    failed      0.00%
 297  Metaconchoecia_longiseta                            98.87%    failed      0.00%
 298  Metaconchoecia_skogsbergi                           98.87%    failed      0.00%
 299  Metaconchoecia_subinflata                           98.70%    failed      0.00%
 300  Metacypris_digitiformis                             90.48%    failed      0.00%
 301  Microdarwinula_zimmeri                              98.58%    passed     38.43%
 302  Mikroconchoecia_curta                               98.95%    failed      0.00%
 303  Mikroconchoecia_sp.                                 98.87%    failed      0.00%
 304  Mikroconchoecia_stigmatica                          98.87%    failed      0.00%
 305  Mixtacandona_chappuisi                              99.02%    failed      0.00%
 306  Mixtacandona_sp.                                    99.02%    failed      0.00%
 307  Mollicia_kampta                                     98.87%    failed      0.00%
 308  Mollicia_mollis                                     98.87%    failed      0.00%
 309  Mollicia_tyloda                                     98.68%    failed      0.00%
 310  Nannocandona_faba                                   99.02%    failed      0.18%
 311  Nasoecia_nasotuberculata                            98.87%    failed      0.00%
 312  Nebalia_hessleri                                    92.25%    failed      0.03%
 313  Nenesidea_oligodentata                              96.57%    passed     34.10%
 314  Neomonoceratina_crispata                            96.65%    failed      4.65%
 315  Neomonoceratina_microreticulata                     96.57%    passed      7.16%
 316  Neomonoceratina_sp.                                 98.76%    failed      1.10%
 317  Neonesidea_haikangensis                             96.73%    passed     35.40%
 318  Neonesidea_oligodentata                             96.65%    passed     34.57%
 319  Neonesidea_sp                                       93.38%    failed      0.01%
 320  Notodromas_monacha                                  90.27%    failed      0.00%
 321  Obtusoecia_antarctica                               98.87%    failed      0.00%
 322  Orchesella_imitari                                  96.72%    passed      6.26%
 323  Orthoconchoecia_atlantica                           98.77%    failed      0.00%
 324  Orthoconchoecia_bispinosa                           98.87%    failed      0.00%
 325  Orthoconchoecia_haddoni                             98.87%    failed      0.00%
 326  Orthoconchoecia_secernenda                          98.68%    failed      0.00%
 327  Paraconchoecia_aequiseta                            98.73%    failed      0.00%
 328  Paraconchoecia_allotherium                          98.87%    failed      0.00%
 329  Paraconchoecia_cophopyga                            98.87%    failed      0.00%
 330  Paraconchoecia_dasyophthalma                        98.87%    failed      0.00%
 331  Paraconchoecia_dorsotuberculata                     98.77%    failed      0.00%
 332  Paraconchoecia_echinata                             98.70%    failed      0.00%
 333  Paraconchoecia_mamillata                            98.87%    failed      0.00%
 334  Paraconchoecia_oblonga                              98.70%    failed      0.00%
 335  Paracypria_longiseta                                73.92%    failed      0.00%
 336  Paracypria_plumosa                                  74.82%    failed      0.00%
 337  Paradoloria_pellucida                               98.21%    failed      0.00%
 338  Paradoxostoma_setoense                              96.57%    failed      4.61%
 339  Paradoxostoma_sp                                    93.55%    failed      0.01%
 340  Paradoxostomatidae_sp.                              99.03%    passed     55.51%
 341  Parakrithella_pseudadonta                           96.56%    passed      8.51%
 342  Paramollicia_dichotoma                              98.86%    failed      0.00%
 343  Paramollicia_major                                  98.87%    failed      0.00%
 344  Parapolycope_digitolabrum                           96.32%    failed      0.00%
 345  Parapolycope_japonica                               96.26%    failed      0.00%
 346  Parapolycope_miurens                                96.35%    failed      0.00%
 347  Parapolycope_psittacina                             96.38%    failed      0.00%
 348  Parapolycope_setouchiensis                          94.80%    failed      0.00%
 349  Parapolycope_sp.                                    98.50%    failed      0.00%
 350  Parapolycope_spiralis                               94.75%    failed      0.00%
 351  Parapolycope_subtidalis                             96.35%    failed      0.00%
 352  Parapolycope_uncata                                 96.32%    failed      0.00%
 353  Parapolycope_viriosa                                96.38%    failed      0.00%
 354  Parapolycope_watanabei                              94.76%    failed      0.00%
 355  Parapolycope_widoensis                              96.32%    failed      0.00%
 356  Parasterope_gamurru                                 93.50%    failed      0.00%
 357  Parasterope_pollex                                  94.17%    failed      0.01%
 358  Parasterope_sp.                                     95.20%    failed      0.00%
 359  Parasterope_styx                                    95.73%    failed      0.01%
 360  Paravargula_sp.                                     98.22%    failed      0.00%
 361  Penthesilenula_kohanga                              99.40%    failed      0.02%
 362  Periplaneta_americana                               96.68%    failed      1.31%
 363  Perissocytheridea_japonica                          96.56%    passed      9.79%
 364  Philomedes_sp.                                      96.51%    passed     25.01%
 365  Philomedidae_sp.                                    98.98%    passed     18.59%
 366  Physocypria_biwaensis                               91.85%    failed      0.00%
 367  Physocypria_cf._biwaensis_16_IK-2017                97.28%    failed      0.00%
 368  Physocypria_cf._biwaensis_27_IK-2017                97.78%    passed     12.64%
 369  Physocypria_cf._biwaensis_32_IK-2017                96.88%    passed     12.78%
 370  Physocypria_cf._biwaensis_7_IK-2017                 97.67%    failed      0.01%
 371  Physocypria_kraepelini                              96.79%    passed     12.98%
 372  Physocypria_nipponica                               70.88%    failed      0.00%
 373  Physocypria_sp.                                     90.71%    failed      0.00%
 374  Pilbaracandona_eberhardi                            93.97%    failed      0.00%
 375  Pistocythereis_bradyformis                          96.55%    failed      4.13%
 376  Polycope_japonica                                   96.34%    failed      0.00%
 377  Polycope_pseudoinornata                             94.05%    failed      0.00%
 378  Polycope_punctata                                   96.12%    failed      0.00%
 379  Polycope_sp                                         93.05%    failed      0.00%
 380  Polycope_sp.                                        91.02%    failed      0.00%
 381  Polycope_yasuharai                                  96.28%    failed      0.00%
 382  Polycopetta_quadrispinata                           96.43%    failed      0.14%
 383  Polycopiella_sp.                                    96.37%    failed      0.00%
 384  Pontocyprididae_sp.                                 99.03%    passed     75.72%
 385  Pontocypris_mytiloides                              89.44%    failed      0.00%
 386  Pontocythere_sp.                                    96.56%    passed      6.06%
 387  Pontocythere_subjaponica                            96.56%    passed      6.39%
 388  Porroecia_parthenoda                                98.96%    failed      0.00%
 389  Porroecia_sp.                                       98.70%    failed      0.00%
 390  Porroecia_spinirostris                              98.70%    failed      0.00%
 391  Postasterope_barnesi                                95.71%    failed      0.01%
 392  Postasterope_corrugata                              94.83%    failed      0.00%
 393  Prionocypris_aragonica                              98.52%    failed      0.00%
 394  Prionocypris_zenkeri                                99.37%    passed     60.22%
 395  Proceroecia_brachyaskos                             98.70%    failed      0.00%
 396  Proceroecia_microprocera                            98.67%    failed      0.00%
 397  Proceroecia_procera                                 98.69%    failed      0.00%
 398  Proceroecia_sp.                                     98.70%    failed      0.00%
 399  Propontocypris_pirifera                             96.36%    failed      0.03%
 400  Propontocypris_sp1                                  92.78%    failed      0.00%
 401  Propontocypris_sp2                                  92.37%    failed      0.00%
 402  Psammocythere_oviformis                             96.60%    passed     23.12%
 403  Pseudocandona_albicans                              94.83%    failed      0.00%
 404  Pseudocandona_compressa                             99.02%    failed      0.00%
 405  Pseudocandona_hartwigi                              92.84%    failed      0.00%
 406  Pseudocandona_insculpta                             96.69%    failed      0.00%
 407  Pseudocandona_marchica                              99.02%    failed      0.00%
 408  Pseudocandona_pratensis                             94.14%    failed      0.00%
 409  Pseudocandona_regisnikolai                          92.49%    failed      0.00%
 410  Pseudocandona_sp.                                   66.38%    failed      0.00%
 411  Pseudocandona_tenuirostris                          96.66%    failed      0.45%
 412  Pseudoconchoecia_serrulata                          98.87%    failed      0.00%
 413  Puriana_sp                                          93.36%    failed      0.01%
 414  Robustaurila_salebrosa                              96.56%    passed      7.33%
 415  Romecytheridea_ampla                                95.82%    failed      0.06%
 416  Romecytheridea_bacata                               98.24%    failed      4.41%
 417  Romecytheridea_longior                              98.32%    failed      0.09%
 418  Romecytheridea_tenuisculpta                         98.31%    passed      8.76%
 419  Rotundoecia_teretivalvata                           98.87%    failed      0.00%
 420  Rutiderma_apex                                      88.91%    failed      0.00%
 421  Rutidermatidae_sp.                                  98.97%    passed     38.67%
 422  Sarsiella_japonica                                  98.67%    failed      0.00%
 423  Sarsiella_misakiensis                               96.41%    passed     23.17%
 424  Sarsiellidae_sp.                                    98.97%    passed     21.26%
 425  Schlerochilus_oshoroensis                           96.56%    passed     11.45%
 426  Scutigera_coleoptrata                               95.78%    failed      0.00%
 427  Semibalanus_balanoides                              96.54%    failed      1.55%
 428  Semicytherura_striata                               96.55%    failed      2.48%
 429  Skogsbergia_lerneri                                 92.59%    failed      0.00%
 430  Skogsbergia_sp.                                     98.22%    failed      0.00%
 431  Skogsbergiella_sp.                                  95.30%    failed      0.02%
 432  Spinileberis_quadriaculeata                         96.57%    passed     15.39%
 433  Stenocypria_sp.                                     70.79%    failed      0.00%
 434  Stenocypris_derupta                                 96.65%    failed      0.88%
 435  Stenocypris_major                                   96.61%    passed     10.82%
 436  Stenocypris_sp.                                     91.19%    failed      0.00%
 437  Strandesia_lansactohai                              97.84%    failed      0.01%
 438  Strandesia_nupelia                                  97.79%    failed      0.26%
 439  Strandesia_obtusata                                 97.83%    failed      0.84%
 440  Strandesia_uenoi                                    96.66%    failed      3.10%
 441  Strandesia_velhoi                                   97.85%    failed      0.00%
 442  Streptocephalus_seali                               96.65%    passed     32.25%
 443  Synasterope_sp.                                     94.89%    failed      0.00%
 444  Tanella_opima                                       96.74%    passed     35.24%
 445  Tanganyikacythere_burtonensis                       98.32%    passed     38.05%
 446  Tanganyikacythere_caljoni                           98.32%    failed      0.30%
 447  Tanycypris_sp.                                      91.61%    failed      0.00%
 448  Tenedocythere_transoceanica                         96.56%    passed     12.77%
 449  Terrestricythere_pratensis                          90.31%    failed      0.00%
 450  Tetraleberis_sp.                                    94.20%    failed      0.01%
 451  Tomocerus_sp                                        96.66%    passed      5.95%
 452  Tonnacypris_lutaria                                 97.95%    failed      0.00%
 453  Trachyleberis_sp.                                   96.56%    passed     14.08%
 454  Trapezicandona_sp.                                  93.90%    failed      0.00%
 455  Tribolium_castaneum                                 96.53%    passed     17.38%
 456  Triops_longicaudatus                                92.59%    failed      0.00%
 457  Typhlocypris_cavicola                               99.02%    failed      0.00%
 458  Typhlocypris_choi                                   94.72%    failed      0.00%
 459  Typhlocypris_eremita                                99.02%    failed      0.41%
 460  Typhlocypris_sp.                                    93.15%    failed      0.00%
 461  Typhlocypris_sywulai                                99.02%    failed      0.16%
 462  Uncinocythere_occidentalis                          96.64%    passed     13.49%
 463  Undulacandona_aeolus                                93.54%    failed      0.00%
 464  Undulacandona_andromeda                             92.86%    failed      0.00%
 465  Undulacandona_koreana                               90.59%    failed      0.00%
 466  Undulacandona_sp.                                   92.80%    failed      0.00%
 467  Vargula_hilgendorfii                                86.91%    failed      0.00%
 468  Vargula_sp.                                         98.23%    failed      0.00%
 469  Vargula_tsujii                                      93.95%    failed      0.01%
 470  Vestalenula_brasiliensis                            98.80%    failed      0.07%
 471  Vestalenula_marmonieri                              97.98%    failed      0.36%
 472  Vestalenula_matildae                                97.96%    failed      0.01%
 473  Vestalenula_molopoensis                             98.39%    failed      1.61%
 474  Vestalenula_sp                                      97.66%    passed     14.85%
 475  Vestalenula_sp.                                     96.62%    failed      4.73%
 476  Xestoleberididae_sp.                                97.94%    passed      6.53%
 477  Xestoleberis_hanaii                                 96.56%    passed      7.02%
 478  Xestoleberis_sp                                     93.33%    failed      0.02%
 479  Xestoleberis_sp.                                    95.64%    failed      0.33%
 480  Xiphichilus_sp.                                     96.57%    passed     14.42%
 481  Xylocythere_sp.                                     96.60%    failed      1.60%
WARNING: 480 sequences contain more than 50% gaps/ambiguity
****  TOTAL                                               95.61%  377 sequences failed composition chi2 test (p-value<5%; df=3)
NOTE: Discoconchoecia_aff._elegans_CMARA05509_Os109.1.3 is identical to Discoconchoecia_aff._elegans_CMARA05309_Os109.1.1 but kept for subsequent analysis

Create initial parsimony tree by phylogenetic likelihood library (PLL)... 2.733 seconds

NOTE: 250 MB RAM (0 GB) is required!
Estimate model parameters (epsilon = 0.100)
1. Initial log-likelihood: -533512.356
2. Current log-likelihood: -443084.723
3. Current log-likelihood: -442620.140
4. Current log-likelihood: -442607.196
5. Current log-likelihood: -442603.266
6. Current log-likelihood: -442601.695
7. Current log-likelihood: -442601.127
8. Current log-likelihood: -442600.928
Optimal log-likelihood: -442600.794
Rate parameters:  A-C: 0.73495  A-G: 1.60720  A-T: 1.36253  C-G: 0.75984  C-T: 2.50914  G-T: 1.00000
Base frequencies:  A: 0.250  C: 0.241  G: 0.256  T: 0.253
Parameters optimization took 8 rounds (4.675 sec)
Computing ML distances based on estimated model parameters... 68.629 sec
WARNING: Some pairwise ML distances are too long (saturated)
Computing BIONJ tree...
0.213 seconds
Log-likelihood of BIONJ tree: -464926.516
--------------------------------------------------------------------
|             INITIALIZING CANDIDATE TREE SET                      |
--------------------------------------------------------------------
Generating 98 parsimony trees... 266.849 second
Computing log-likelihood of 98 initial trees ... 38.272 seconds
Current best score: -442408.910

Do NNI search on 20 best initial trees
Estimate model parameters (epsilon = 0.100)
BETTER TREE FOUND at iteration 1: -440840.996
Iteration 10 / LogL: -441597.019 / Time: 0h:6m:53s
Estimate model parameters (epsilon = 0.100)
BETTER TREE FOUND at iteration 14: -440820.027
Iteration 20 / LogL: -441735.415 / Time: 0h:8m:32s
Finish initializing candidate tree set (20)
Current best tree score: -440820.027 / CPU time: 490.574
Number of iterations: 20
--------------------------------------------------------------------
|               OPTIMIZING CANDIDATE TREE SET                      |
--------------------------------------------------------------------
Estimate model parameters (epsilon = 0.100)
BETTER TREE FOUND at iteration 23: -440783.734
Estimate model parameters (epsilon = 0.100)
BETTER TREE FOUND at iteration 26: -440644.093
Estimate model parameters (epsilon = 0.100)
BETTER TREE FOUND at iteration 28: -440583.622
Iteration 30 / LogL: -440739.526 / Time: 0h:9m:47s (0h:32m:55s left)
Estimate model parameters (epsilon = 0.100)
BETTER TREE FOUND at iteration 35: -440537.456
Estimate model parameters (epsilon = 0.100)
BETTER TREE FOUND at iteration 40: -440496.342
Iteration 40 / LogL: -440496.342 / Time: 0h:11m:0s (0h:28m:7s left)
Estimate model parameters (epsilon = 0.100)
BETTER TREE FOUND at iteration 41: -440476.895
Iteration 50 / LogL: -440488.777 / Time: 0h:12m:16s (0h:22m:42s left)
Estimate model parameters (epsilon = 0.100)
BETTER TREE FOUND at iteration 58: -440473.680
Iteration 60 / LogL: -440548.195 / Time: 0h:13m:24s (0h:22m:11s left)
Estimate model parameters (epsilon = 0.100)
BETTER TREE FOUND at iteration 70: -440473.117
Iteration 70 / LogL: -440473.117 / Time: 0h:14m:34s (0h:21m:2s left)
Estimate model parameters (epsilon = 0.100)
BETTER TREE FOUND at iteration 73: -440431.548
Estimate model parameters (epsilon = 0.100)
BETTER TREE FOUND at iteration 74: -440416.948
Estimate model parameters (epsilon = 0.100)
BETTER TREE FOUND at iteration 78: -440409.074
Iteration 80 / LogL: -440568.396 / Time: 0h:15m:38s (0h:19m:20s left)
Iteration 90 / LogL: -440481.860 / Time: 0h:16m:38s (0h:16m:24s left)
Estimate model parameters (epsilon = 0.100)
BETTER TREE FOUND at iteration 94: -440403.100
Iteration 100 / LogL: -440514.512 / Time: 0h:17m:48s (0h:16m:51s left)
Iteration 110 / LogL: -440749.969 / Time: 0h:18m:43s (0h:14m:23s left)
Estimate model parameters (epsilon = 0.100)
BETTER TREE FOUND at iteration 117: -440400.637
Iteration 120 / LogL: -440414.217 / Time: 0h:19m:55s (0h:16m:12s left)
Estimate model parameters (epsilon = 0.100)
BETTER TREE FOUND at iteration 121: -440397.689
Iteration 130 / LogL: -440429.423 / Time: 0h:21m:7s (0h:14m:51s left)
Estimate model parameters (epsilon = 0.100)
BETTER TREE FOUND at iteration 137: -440389.845
Iteration 140 / LogL: -440429.121 / Time: 0h:22m:31s (0h:15m:40s left)
Estimate model parameters (epsilon = 0.100)
BETTER TREE FOUND at iteration 144: -440375.911
Iteration 150 / LogL: -440414.184 / Time: 0h:23m:57s (0h:15m:4s left)
Iteration 160 / LogL: -440405.544 / Time: 0h:25m:16s (0h:13m:19s left)
Estimate model parameters (epsilon = 0.100)
BETTER TREE FOUND at iteration 168: -440365.733
Iteration 170 / LogL: -440399.221 / Time: 0h:26m:40s (0h:15m:26s left)
Iteration 180 / LogL: -440452.628 / Time: 0h:28m:1s (0h:13m:45s left)
Iteration 190 / LogL: -440422.977 / Time: 0h:29m:13s (0h:12m:2s left)
Iteration 200 / LogL: -440457.782 / Time: 0h:30m:30s (0h:10m:24s left)
Iteration 210 / LogL: -440407.879 / Time: 0h:31m:48s (0h:8m:48s left)
Iteration 220 / LogL: -440394.610 / Time: 0h:33m:7s (0h:7m:14s left)
Iteration 230 / LogL: -440414.245 / Time: 0h:34m:23s (0h:5m:41s left)
Iteration 240 / LogL: -440644.664 / Time: 0h:35m:58s (0h:4m:12s left)
Estimate model parameters (epsilon = 0.100)
BETTER TREE FOUND at iteration 250: -440365.161
Iteration 250 / LogL: -440365.161 / Time: 0h:37m:19s (0h:14m:58s left)
Estimate model parameters (epsilon = 0.100)
BETTER TREE FOUND at iteration 253: -440353.734
Iteration 260 / LogL: -440387.704 / Time: 0h:38m:31s (0h:13m:49s left)
Iteration 270 / LogL: -440380.485 / Time: 0h:39m:42s (0h:12m:14s left)
Iteration 280 / LogL: -440413.359 / Time: 0h:41m:3s (0h:10m:43s left)
Iteration 290 / LogL: -440393.513 / Time: 0h:42m:30s (0h:9m:15s left)
Iteration 300 / LogL: -440430.711 / Time: 0h:43m:46s (0h:7m:44s left)
Iteration 310 / LogL: -440621.720 / Time: 0h:45m:10s (0h:6m:16s left)
Iteration 320 / LogL: -440358.490 / Time: 0h:46m:27s (0h:4m:48s left)
Iteration 330 / LogL: -440367.164 / Time: 0h:47m:53s (0h:3m:20s left)
Iteration 340 / LogL: -440373.967 / Time: 0h:49m:13s (0h:1m:53s left)
Estimate model parameters (epsilon = 0.100)
BETTER TREE FOUND at iteration 348: -440339.673
Iteration 350 / LogL: -440609.121 / Time: 0h:50m:42s (0h:14m:13s left)
Iteration 360 / LogL: -440425.071 / Time: 0h:52m:0s (0h:12m:44s left)
Iteration 370 / LogL: -440375.827 / Time: 0h:53m:39s (0h:11m:19s left)
Iteration 380 / LogL: -440362.097 / Time: 0h:55m:6s (0h:9m:52s left)
Iteration 390 / LogL: -440378.080 / Time: 0h:56m:23s (0h:8m:24s left)
Iteration 400 / LogL: -440377.376 / Time: 0h:57m:38s (0h:6m:55s left)
Iteration 410 / LogL: -440365.519 / Time: 0h:59m:18s (0h:5m:30s left)
Iteration 420 / LogL: -440453.736 / Time: 1h:0m:53s (0h:4m:3s left)
Iteration 430 / LogL: -440349.432 / Time: 1h:2m:19s (0h:2m:36s left)
Iteration 440 / LogL: -440375.115 / Time: 1h:3m:33s (0h:1m:9s left)
TREE SEARCH COMPLETED AFTER 449 ITERATIONS / Time: 1h:5m:6s

--------------------------------------------------------------------
|                    FINALIZING TREE SEARCH                        |
--------------------------------------------------------------------
Performs final model parameters optimization
Estimate model parameters (epsilon = 0.010)
1. Initial log-likelihood: -440339.673
2. Current log-likelihood: -440339.570
3. Current log-likelihood: -440339.459
4. Current log-likelihood: -440339.382
5. Current log-likelihood: -440339.328
6. Current log-likelihood: -440339.288
7. Current log-likelihood: -440339.267
Optimal log-likelihood: -440339.250
Rate parameters:  A-C: 0.73119  A-G: 1.61484  A-T: 1.36031  C-G: 0.76035  C-T: 2.53138  G-T: 1.00000
Base frequencies:  A: 0.250  C: 0.241  G: 0.256  T: 0.253
Parameters optimization took 7 rounds (3.330 sec)
BEST SCORE FOUND : -440339.250
Total tree length: 35.145

Total number of iterations: 449
CPU time used for tree search: 72104.163 sec (20h:1m:44s)
Wall-clock time used for tree search: 3884.318 sec (1h:4m:44s)
Total CPU time used: 72534.272 sec (20h:8m:54s)
Total wall-clock time used: 3909.745 sec (1h:5m:9s)

Analysis results written to: 
  IQ-TREE report:                phylogenies/genbank_12_13_2019.iqtree
  Maximum-likelihood tree:       phylogenies/genbank_12_13_2019.treefile
  Likelihood distances:          phylogenies/genbank_12_13_2019.mldist
  Screen log file:               phylogenies/genbank_12_13_2019.log

Date and Time: Fri Dec 13 12:41:21 2019
